0 info it worked if it ends with ok
1 verbose cli [ '/usr/bin/node', '/usr/bin/npm', 'install' ]
2 info using npm@3.5.2
3 info using node@v8.10.0
4 silly loadCurrentTree Starting
5 silly install loadCurrentTree
6 silly install readLocalPackageData
7 silly install normalizeTree
8 silly loadCurrentTree Finishing
9 silly loadIdealTree Starting
10 silly install loadIdealTree
11 silly cloneCurrentTree Starting
12 silly install cloneCurrentTreeToIdealTree
13 silly cloneCurrentTree Finishing
14 silly loadShrinkwrap Starting
15 silly install loadShrinkwrap
16 silly loadShrinkwrap Finishing
17 silly loadAllDepsIntoIdealTree Starting
18 silly install loadAllDepsIntoIdealTree
19 silly fetchNamedPackageData fsevents
20 silly mapToRegistry name fsevents
21 silly mapToRegistry using default registry
22 silly mapToRegistry registry https://registry.npmjs.org/
23 silly mapToRegistry uri https://registry.npmjs.org/fsevents
24 verbose request uri https://registry.npmjs.org/fsevents
25 verbose request no auth needed
26 info attempt registry request try #1 at 4:19:22 PM
27 verbose request id 4f72f425e1f5836f
28 verbose etag W/"94b8ac82aeeda1585858ad06e751ee11"
29 verbose lastModified Mon, 14 Oct 2019 00:14:45 GMT
30 http request GET https://registry.npmjs.org/fsevents
31 http 304 https://registry.npmjs.org/fsevents
32 verbose headers { date: 'Thu, 31 Oct 2019 15:19:22 GMT',
32 verbose headers   connection: 'keep-alive',
32 verbose headers   'set-cookie':
32 verbose headers    [ '__cfduid=dfa783688a29e40167526b0d39463c02a1572535162; expires=Fri, 30-Oct-20 15:19:22 GMT; path=/; domain=.npmjs.org; HttpOnly' ],
32 verbose headers   'cf-cache-status': 'HIT',
32 verbose headers   'cache-control': 'max-age=300',
32 verbose headers   'cf-ray': '52e69b5f3a7cd6b5-FRA',
32 verbose headers   age: '567',
32 verbose headers   etag: '"94b8ac82aeeda1585858ad06e751ee11"',
32 verbose headers   'expect-ct': 'max-age=604800, report-uri="https://report-uri.cloudflare.com/cdn-cgi/beacon/expect-ct"',
32 verbose headers   'last-modified': 'Mon, 14 Oct 2019 00:14:45 GMT',
32 verbose headers   vary: 'accept-encoding, accept',
32 verbose headers   'x-amz-meta-rev': '165-a2b297b1ae8109719aac351bbb43a9dc',
32 verbose headers   server: 'cloudflare' }
33 silly get cb [ 304,
33 silly get   { date: 'Thu, 31 Oct 2019 15:19:22 GMT',
33 silly get     connection: 'keep-alive',
33 silly get     'set-cookie':
33 silly get      [ '__cfduid=dfa783688a29e40167526b0d39463c02a1572535162; expires=Fri, 30-Oct-20 15:19:22 GMT; path=/; domain=.npmjs.org; HttpOnly' ],
33 silly get     'cf-cache-status': 'HIT',
33 silly get     'cache-control': 'max-age=300',
33 silly get     'cf-ray': '52e69b5f3a7cd6b5-FRA',
33 silly get     age: '567',
33 silly get     etag: '"94b8ac82aeeda1585858ad06e751ee11"',
33 silly get     'expect-ct': 'max-age=604800, report-uri="https://report-uri.cloudflare.com/cdn-cgi/beacon/expect-ct"',
33 silly get     'last-modified': 'Mon, 14 Oct 2019 00:14:45 GMT',
33 silly get     vary: 'accept-encoding, accept',
33 silly get     'x-amz-meta-rev': '165-a2b297b1ae8109719aac351bbb43a9dc',
33 silly get     server: 'cloudflare' } ]
34 verbose etag https://registry.npmjs.org/fsevents from cache
35 verbose get saving fsevents to /home/zolano/.npm/registry.npmjs.org/fsevents/.cache.json
36 silly resolveWithNewModule fsevents@1.2.9 checking installable status
37 silly fetchNamedPackageData fsevents
38 silly mapToRegistry name fsevents
39 silly mapToRegistry using default registry
40 silly mapToRegistry registry https://registry.npmjs.org/
41 silly mapToRegistry uri https://registry.npmjs.org/fsevents
42 silly resolveWithNewModule fsevents@1.2.9 checking installable status
43 silly loadAllDepsIntoIdealTree Finishing
44 silly idealTree:prePrune kanopole-rest-api@1.0.0
44 silly idealTree:prePrune ├── abbrev@1.1.1
44 silly idealTree:prePrune ├── accept@2.1.4
44 silly idealTree:prePrune ├── ajv@5.5.2
44 silly idealTree:prePrune ├── ammo@2.0.4
44 silly idealTree:prePrune ├─┬ ansi-align@2.0.0
44 silly idealTree:prePrune │ ├── ansi-regex@3.0.0
44 silly idealTree:prePrune │ ├── is-fullwidth-code-point@2.0.0
44 silly idealTree:prePrune │ ├── string-width@2.1.1
44 silly idealTree:prePrune │ └── strip-ansi@4.0.0
44 silly idealTree:prePrune ├── ansi-regex@2.1.1
44 silly idealTree:prePrune ├── ansi-styles@2.2.1
44 silly idealTree:prePrune ├── anymatch@1.3.2
44 silly idealTree:prePrune ├── aproba@1.2.0
44 silly idealTree:prePrune ├── are-we-there-yet@1.1.5
44 silly idealTree:prePrune ├── arr-diff@2.0.0
44 silly idealTree:prePrune ├── arr-flatten@1.1.0
44 silly idealTree:prePrune ├── arr-union@3.1.0
44 silly idealTree:prePrune ├── array-unique@0.2.1
44 silly idealTree:prePrune ├── asn1@0.2.4
44 silly idealTree:prePrune ├── assert-plus@1.0.0
44 silly idealTree:prePrune ├── assign-symbols@1.0.0
44 silly idealTree:prePrune ├── async-each@1.0.1
44 silly idealTree:prePrune ├── async@2.6.1
44 silly idealTree:prePrune ├── asynckit@0.4.0
44 silly idealTree:prePrune ├── atob@2.1.2
44 silly idealTree:prePrune ├── aws-sign2@0.7.0
44 silly idealTree:prePrune ├── aws4@1.8.0
44 silly idealTree:prePrune ├── b64@3.0.3
44 silly idealTree:prePrune ├── babel-cli@6.26.0
44 silly idealTree:prePrune ├── babel-code-frame@6.26.0
44 silly idealTree:prePrune ├── babel-core@6.26.3
44 silly idealTree:prePrune ├── babel-generator@6.26.1
44 silly idealTree:prePrune ├── babel-helper-bindify-decorators@6.24.1
44 silly idealTree:prePrune ├── babel-helper-builder-binary-assignment-operator-visitor@6.24.1
44 silly idealTree:prePrune ├── babel-helper-call-delegate@6.24.1
44 silly idealTree:prePrune ├── babel-helper-define-map@6.26.0
44 silly idealTree:prePrune ├── babel-helper-explode-assignable-expression@6.24.1
44 silly idealTree:prePrune ├── babel-helper-explode-class@6.24.1
44 silly idealTree:prePrune ├── babel-helper-function-name@6.24.1
44 silly idealTree:prePrune ├── babel-helper-get-function-arity@6.24.1
44 silly idealTree:prePrune ├── babel-helper-hoist-variables@6.24.1
44 silly idealTree:prePrune ├── babel-helper-optimise-call-expression@6.24.1
44 silly idealTree:prePrune ├── babel-helper-regex@6.26.0
44 silly idealTree:prePrune ├── babel-helper-remap-async-to-generator@6.24.1
44 silly idealTree:prePrune ├── babel-helper-replace-supers@6.24.1
44 silly idealTree:prePrune ├── babel-helpers@6.24.1
44 silly idealTree:prePrune ├── babel-messages@6.23.0
44 silly idealTree:prePrune ├── babel-plugin-check-es2015-constants@6.22.0
44 silly idealTree:prePrune ├── babel-plugin-syntax-async-functions@6.13.0
44 silly idealTree:prePrune ├── babel-plugin-syntax-async-generators@6.13.0
44 silly idealTree:prePrune ├── babel-plugin-syntax-class-properties@6.13.0
44 silly idealTree:prePrune ├── babel-plugin-syntax-decorators@6.13.0
44 silly idealTree:prePrune ├── babel-plugin-syntax-dynamic-import@6.18.0
44 silly idealTree:prePrune ├── babel-plugin-syntax-exponentiation-operator@6.13.0
44 silly idealTree:prePrune ├── babel-plugin-syntax-object-rest-spread@6.13.0
44 silly idealTree:prePrune ├── babel-plugin-syntax-trailing-function-commas@6.22.0
44 silly idealTree:prePrune ├── babel-plugin-transform-async-generator-functions@6.24.1
44 silly idealTree:prePrune ├── babel-plugin-transform-async-to-generator@6.24.1
44 silly idealTree:prePrune ├── babel-plugin-transform-class-properties@6.24.1
44 silly idealTree:prePrune ├── babel-plugin-transform-decorators@6.24.1
44 silly idealTree:prePrune ├── babel-plugin-transform-es2015-arrow-functions@6.22.0
44 silly idealTree:prePrune ├── babel-plugin-transform-es2015-block-scoped-functions@6.22.0
44 silly idealTree:prePrune ├── babel-plugin-transform-es2015-block-scoping@6.26.0
44 silly idealTree:prePrune ├── babel-plugin-transform-es2015-classes@6.24.1
44 silly idealTree:prePrune ├── babel-plugin-transform-es2015-computed-properties@6.24.1
44 silly idealTree:prePrune ├── babel-plugin-transform-es2015-destructuring@6.23.0
44 silly idealTree:prePrune ├── babel-plugin-transform-es2015-duplicate-keys@6.24.1
44 silly idealTree:prePrune ├── babel-plugin-transform-es2015-for-of@6.23.0
44 silly idealTree:prePrune ├── babel-plugin-transform-es2015-function-name@6.24.1
44 silly idealTree:prePrune ├── babel-plugin-transform-es2015-literals@6.22.0
44 silly idealTree:prePrune ├── babel-plugin-transform-es2015-modules-amd@6.24.1
44 silly idealTree:prePrune ├── babel-plugin-transform-es2015-modules-commonjs@6.26.2
44 silly idealTree:prePrune ├── babel-plugin-transform-es2015-modules-systemjs@6.24.1
44 silly idealTree:prePrune ├── babel-plugin-transform-es2015-modules-umd@6.24.1
44 silly idealTree:prePrune ├── babel-plugin-transform-es2015-object-super@6.24.1
44 silly idealTree:prePrune ├── babel-plugin-transform-es2015-parameters@6.24.1
44 silly idealTree:prePrune ├── babel-plugin-transform-es2015-shorthand-properties@6.24.1
44 silly idealTree:prePrune ├── babel-plugin-transform-es2015-spread@6.22.0
44 silly idealTree:prePrune ├── babel-plugin-transform-es2015-sticky-regex@6.24.1
44 silly idealTree:prePrune ├── babel-plugin-transform-es2015-template-literals@6.22.0
44 silly idealTree:prePrune ├── babel-plugin-transform-es2015-typeof-symbol@6.23.0
44 silly idealTree:prePrune ├── babel-plugin-transform-es2015-unicode-regex@6.24.1
44 silly idealTree:prePrune ├── babel-plugin-transform-exponentiation-operator@6.24.1
44 silly idealTree:prePrune ├── babel-plugin-transform-object-rest-spread@6.26.0
44 silly idealTree:prePrune ├── babel-plugin-transform-regenerator@6.26.0
44 silly idealTree:prePrune ├── babel-plugin-transform-strict-mode@6.24.1
44 silly idealTree:prePrune ├─┬ babel-polyfill@6.26.0
44 silly idealTree:prePrune │ └── regenerator-runtime@0.10.5
44 silly idealTree:prePrune ├── babel-preset-es2015@6.24.1
44 silly idealTree:prePrune ├── babel-preset-stage-2@6.24.1
44 silly idealTree:prePrune ├── babel-preset-stage-3@6.24.1
44 silly idealTree:prePrune ├── babel-register@6.26.0
44 silly idealTree:prePrune ├── babel-runtime@6.26.0
44 silly idealTree:prePrune ├── babel-template@6.26.0
44 silly idealTree:prePrune ├── babel-traverse@6.26.0
44 silly idealTree:prePrune ├── babel-types@6.26.0
44 silly idealTree:prePrune ├── babylon@6.18.0
44 silly idealTree:prePrune ├── balanced-match@1.0.0
44 silly idealTree:prePrune ├─┬ base@0.11.2
44 silly idealTree:prePrune │ ├── define-property@1.0.0
44 silly idealTree:prePrune │ ├── is-accessor-descriptor@1.0.0
44 silly idealTree:prePrune │ ├── is-data-descriptor@1.0.0
44 silly idealTree:prePrune │ ├── is-descriptor@1.0.2
44 silly idealTree:prePrune │ ├── isobject@3.0.1
44 silly idealTree:prePrune │ └── kind-of@6.0.2
44 silly idealTree:prePrune ├── bcrypt-pbkdf@1.0.2
44 silly idealTree:prePrune ├─┬ bcrypt@1.0.3
44 silly idealTree:prePrune │ └── nan@2.6.2
44 silly idealTree:prePrune ├── binary-extensions@1.12.0
44 silly idealTree:prePrune ├── block-stream@0.0.9
44 silly idealTree:prePrune ├── boom@5.2.0
44 silly idealTree:prePrune ├─┬ boxen@1.3.0
44 silly idealTree:prePrune │ ├── ansi-regex@3.0.0
44 silly idealTree:prePrune │ ├── ansi-styles@3.2.1
44 silly idealTree:prePrune │ ├── chalk@2.4.1
44 silly idealTree:prePrune │ ├── is-fullwidth-code-point@2.0.0
44 silly idealTree:prePrune │ ├── string-width@2.1.1
44 silly idealTree:prePrune │ ├── strip-ansi@4.0.0
44 silly idealTree:prePrune │ └── supports-color@5.5.0
44 silly idealTree:prePrune ├── brace-expansion@1.1.11
44 silly idealTree:prePrune ├── braces@1.8.5
44 silly idealTree:prePrune ├── bson@1.0.9
44 silly idealTree:prePrune ├── buffer-equal-constant-time@1.0.1
44 silly idealTree:prePrune ├─┬ cache-base@1.0.1
44 silly idealTree:prePrune │ └── isobject@3.0.1
44 silly idealTree:prePrune ├── call@4.0.2
44 silly idealTree:prePrune ├── camelcase@4.1.0
44 silly idealTree:prePrune ├── capture-stack-trace@1.0.1
44 silly idealTree:prePrune ├── caseless@0.12.0
44 silly idealTree:prePrune ├── catbox-memory@2.0.4
44 silly idealTree:prePrune ├── catbox@7.1.5
44 silly idealTree:prePrune ├── chalk@1.1.3
44 silly idealTree:prePrune ├── chokidar@1.7.0
44 silly idealTree:prePrune ├── ci-info@1.6.0
44 silly idealTree:prePrune ├─┬ class-utils@0.3.6
44 silly idealTree:prePrune │ ├── define-property@0.2.5
44 silly idealTree:prePrune │ └── isobject@3.0.1
44 silly idealTree:prePrune ├── cli-boxes@1.0.0
44 silly idealTree:prePrune ├── co@4.6.0
44 silly idealTree:prePrune ├── code-point-at@1.1.0
44 silly idealTree:prePrune ├── collection-visit@1.0.0
44 silly idealTree:prePrune ├── color-convert@1.9.3
44 silly idealTree:prePrune ├── color-name@1.1.3
44 silly idealTree:prePrune ├── combined-stream@1.0.7
44 silly idealTree:prePrune ├── commander@2.18.0
44 silly idealTree:prePrune ├── component-emitter@1.2.1
44 silly idealTree:prePrune ├── concat-map@0.0.1
44 silly idealTree:prePrune ├── configstore@3.1.2
44 silly idealTree:prePrune ├── console-control-strings@1.1.0
44 silly idealTree:prePrune ├── content@3.0.7
44 silly idealTree:prePrune ├── convert-source-map@1.6.0
44 silly idealTree:prePrune ├── copy-descriptor@0.1.1
44 silly idealTree:prePrune ├── core-js@2.5.7
44 silly idealTree:prePrune ├── core-util-is@1.0.2
44 silly idealTree:prePrune ├── create-error-class@3.0.2
44 silly idealTree:prePrune ├── cross-spawn@5.1.0
44 silly idealTree:prePrune ├── cryptiles@3.1.2
44 silly idealTree:prePrune ├── crypto-random-string@1.0.0
44 silly idealTree:prePrune ├── dashdash@1.14.1
44 silly idealTree:prePrune ├── date-and-time@0.5.0
44 silly idealTree:prePrune ├── debug@2.6.9
44 silly idealTree:prePrune ├── decode-uri-component@0.2.0
44 silly idealTree:prePrune ├── deep-extend@0.6.0
44 silly idealTree:prePrune ├─┬ define-property@2.0.2
44 silly idealTree:prePrune │ ├── is-accessor-descriptor@1.0.0
44 silly idealTree:prePrune │ ├── is-data-descriptor@1.0.0
44 silly idealTree:prePrune │ ├── is-descriptor@1.0.2
44 silly idealTree:prePrune │ ├── isobject@3.0.1
44 silly idealTree:prePrune │ └── kind-of@6.0.2
44 silly idealTree:prePrune ├── delayed-stream@1.0.0
44 silly idealTree:prePrune ├── delegates@1.0.0
44 silly idealTree:prePrune ├── detect-indent@4.0.0
44 silly idealTree:prePrune ├── dot-prop@4.2.0
44 silly idealTree:prePrune ├── duplexer@0.1.1
44 silly idealTree:prePrune ├── duplexer3@0.1.4
44 silly idealTree:prePrune ├── ecc-jsbn@0.1.2
44 silly idealTree:prePrune ├── ecdsa-sig-formatter@1.0.10
44 silly idealTree:prePrune ├── escape-string-regexp@1.0.5
44 silly idealTree:prePrune ├── esutils@2.0.2
44 silly idealTree:prePrune ├── event-stream@3.3.6
44 silly idealTree:prePrune ├── execa@0.7.0
44 silly idealTree:prePrune ├── expand-brackets@0.1.5
44 silly idealTree:prePrune ├── expand-range@1.8.2
44 silly idealTree:prePrune ├─┬ extend-shallow@3.0.2
44 silly idealTree:prePrune │ └── is-extendable@1.0.1
44 silly idealTree:prePrune ├── extend@3.0.2
44 silly idealTree:prePrune ├── extglob@0.3.2
44 silly idealTree:prePrune ├── extsprintf@1.3.0
44 silly idealTree:prePrune ├── fast-deep-equal@1.1.0
44 silly idealTree:prePrune ├── fast-json-stable-stringify@2.0.0
44 silly idealTree:prePrune ├── filename-regex@2.0.1
44 silly idealTree:prePrune ├── fill-range@2.2.4
44 silly idealTree:prePrune ├── flatmap-stream@0.1.1
44 silly idealTree:prePrune ├── for-in@1.0.2
44 silly idealTree:prePrune ├── for-own@0.1.5
44 silly idealTree:prePrune ├── forever-agent@0.6.1
44 silly idealTree:prePrune ├─┬ form-data@2.3.2
44 silly idealTree:prePrune │ └── combined-stream@1.0.6
44 silly idealTree:prePrune ├── formidable@1.2.1
44 silly idealTree:prePrune ├── fragment-cache@0.2.1
44 silly idealTree:prePrune ├── from@0.1.7
44 silly idealTree:prePrune ├── fs-readdir-recursive@1.1.0
44 silly idealTree:prePrune ├── fs.realpath@1.0.0
44 silly idealTree:prePrune ├── fs@0.0.1-security
44 silly idealTree:prePrune ├── fstream-ignore@1.0.5
44 silly idealTree:prePrune ├── fstream@1.0.11
44 silly idealTree:prePrune ├── gauge@2.7.4
44 silly idealTree:prePrune ├── get-stream@3.0.0
44 silly idealTree:prePrune ├── get-value@2.0.6
44 silly idealTree:prePrune ├── getpass@0.1.7
44 silly idealTree:prePrune ├── glob-base@0.3.0
44 silly idealTree:prePrune ├── glob-parent@2.0.0
44 silly idealTree:prePrune ├── glob@7.1.3
44 silly idealTree:prePrune ├── global-dirs@0.1.1
44 silly idealTree:prePrune ├── globals@9.18.0
44 silly idealTree:prePrune ├── got@6.7.1
44 silly idealTree:prePrune ├── graceful-fs@4.1.11
44 silly idealTree:prePrune ├─┬ hapi-auth-jwt@4.0.0
44 silly idealTree:prePrune │ ├─┬ boom@3.2.2
44 silly idealTree:prePrune │ │ └── hoek@4.2.1
44 silly idealTree:prePrune │ ├── hoek@3.0.4
44 silly idealTree:prePrune │ ├── jsonwebtoken@5.7.0
44 silly idealTree:prePrune │ └── ms@0.7.3
44 silly idealTree:prePrune ├─┬ hapi@16.6.3
44 silly idealTree:prePrune │ ├── isemail@3.1.3
44 silly idealTree:prePrune │ ├── joi@11.4.0
44 silly idealTree:prePrune │ └── punycode@2.1.1
44 silly idealTree:prePrune ├── har-schema@2.0.0
44 silly idealTree:prePrune ├── har-validator@5.1.0
44 silly idealTree:prePrune ├── has-ansi@2.0.0
44 silly idealTree:prePrune ├── has-flag@3.0.0
44 silly idealTree:prePrune ├── has-unicode@2.0.1
44 silly idealTree:prePrune ├─┬ has-value@1.0.0
44 silly idealTree:prePrune │ └── isobject@3.0.1
44 silly idealTree:prePrune ├─┬ has-values@1.0.0
44 silly idealTree:prePrune │ ├─┬ is-number@3.0.0
44 silly idealTree:prePrune │ │ └── kind-of@3.2.2
44 silly idealTree:prePrune │ └── kind-of@4.0.0
44 silly idealTree:prePrune ├── heavy@4.0.4
44 silly idealTree:prePrune ├── hoek@4.2.1
44 silly idealTree:prePrune ├── home-or-tmp@2.0.0
44 silly idealTree:prePrune ├── http-signature@1.2.0
44 silly idealTree:prePrune ├── ignore-by-default@1.0.1
44 silly idealTree:prePrune ├── import-lazy@2.1.0
44 silly idealTree:prePrune ├── imurmurhash@0.1.4
44 silly idealTree:prePrune ├── inflight@1.0.6
44 silly idealTree:prePrune ├── inherits@2.0.3
44 silly idealTree:prePrune ├── ini@1.3.5
44 silly idealTree:prePrune ├── invariant@2.2.4
44 silly idealTree:prePrune ├── iron@4.0.5
44 silly idealTree:prePrune ├── is-accessor-descriptor@0.1.6
44 silly idealTree:prePrune ├── is-binary-path@1.0.1
44 silly idealTree:prePrune ├── is-buffer@1.1.6
44 silly idealTree:prePrune ├── is-ci@1.2.1
44 silly idealTree:prePrune ├── is-data-descriptor@0.1.4
44 silly idealTree:prePrune ├─┬ is-descriptor@0.1.6
44 silly idealTree:prePrune │ └── kind-of@5.1.0
44 silly idealTree:prePrune ├── is-dotfile@1.0.3
44 silly idealTree:prePrune ├── is-equal-shallow@0.1.3
44 silly idealTree:prePrune ├── is-extendable@0.1.1
44 silly idealTree:prePrune ├── is-extglob@1.0.0
44 silly idealTree:prePrune ├── is-finite@1.0.2
44 silly idealTree:prePrune ├── is-fullwidth-code-point@1.0.0
44 silly idealTree:prePrune ├── is-glob@2.0.1
44 silly idealTree:prePrune ├── is-installed-globally@0.1.0
44 silly idealTree:prePrune ├── is-npm@1.0.0
44 silly idealTree:prePrune ├── is-number@2.1.0
44 silly idealTree:prePrune ├── is-obj@1.0.1
44 silly idealTree:prePrune ├── is-path-inside@1.0.1
44 silly idealTree:prePrune ├─┬ is-plain-object@2.0.4
44 silly idealTree:prePrune │ └── isobject@3.0.1
44 silly idealTree:prePrune ├── is-posix-bracket@0.1.1
44 silly idealTree:prePrune ├── is-primitive@2.0.0
44 silly idealTree:prePrune ├── is-redirect@1.0.0
44 silly idealTree:prePrune ├── is-retry-allowed@1.1.0
44 silly idealTree:prePrune ├── is-stream@1.1.0
44 silly idealTree:prePrune ├── is-typedarray@1.0.0
44 silly idealTree:prePrune ├── is-windows@1.0.2
44 silly idealTree:prePrune ├── isarray@1.0.0
44 silly idealTree:prePrune ├── isemail@2.2.1
44 silly idealTree:prePrune ├── isexe@2.0.0
44 silly idealTree:prePrune ├── isobject@2.1.0
44 silly idealTree:prePrune ├── isstream@0.1.2
44 silly idealTree:prePrune ├── items@2.1.1
44 silly idealTree:prePrune ├── joi@10.6.0
44 silly idealTree:prePrune ├── js-tokens@3.0.2
44 silly idealTree:prePrune ├── jsbn@0.1.1
44 silly idealTree:prePrune ├── jsesc@1.3.0
44 silly idealTree:prePrune ├── json-schema-traverse@0.3.1
44 silly idealTree:prePrune ├── json-schema@0.2.3
44 silly idealTree:prePrune ├── json-stringify-safe@5.0.1
44 silly idealTree:prePrune ├── json5@0.5.1
44 silly idealTree:prePrune ├─┬ jsonwebtoken@7.4.3
44 silly idealTree:prePrune │ ├── hoek@2.16.3
44 silly idealTree:prePrune │ ├── isemail@1.2.0
44 silly idealTree:prePrune │ ├── joi@6.10.1
44 silly idealTree:prePrune │ └── topo@1.1.0
44 silly idealTree:prePrune ├── jsprim@1.4.1
44 silly idealTree:prePrune ├── jwa@1.1.6
44 silly idealTree:prePrune ├── jws@3.1.5
44 silly idealTree:prePrune ├── kareem@2.3.0
44 silly idealTree:prePrune ├── kind-of@3.2.2
44 silly idealTree:prePrune ├── latest-version@3.1.0
44 silly idealTree:prePrune ├── lodash.debounce@4.0.8
44 silly idealTree:prePrune ├── lodash.get@4.4.2
44 silly idealTree:prePrune ├── lodash.once@4.1.1
44 silly idealTree:prePrune ├── lodash@4.17.11
44 silly idealTree:prePrune ├── loose-envify@1.4.0
44 silly idealTree:prePrune ├── lowercase-keys@1.0.1
44 silly idealTree:prePrune ├── lru-cache@4.1.3
44 silly idealTree:prePrune ├── make-dir@1.3.0
44 silly idealTree:prePrune ├── map-cache@0.2.2
44 silly idealTree:prePrune ├── map-stream@0.0.7
44 silly idealTree:prePrune ├── map-visit@1.0.0
44 silly idealTree:prePrune ├── math-random@1.0.1
44 silly idealTree:prePrune ├── memory-pager@1.1.0
44 silly idealTree:prePrune ├── micromatch@2.3.11
44 silly idealTree:prePrune ├── mime-db@1.36.0
44 silly idealTree:prePrune ├── mime-types@2.1.20
44 silly idealTree:prePrune ├── mimos@3.0.3
44 silly idealTree:prePrune ├── minimatch@3.0.4
44 silly idealTree:prePrune ├── minimist@0.0.8
44 silly idealTree:prePrune ├─┬ mixin-deep@1.3.1
44 silly idealTree:prePrune │ └── is-extendable@1.0.1
44 silly idealTree:prePrune ├── mkdirp@0.5.1
44 silly idealTree:prePrune ├── moment@2.22.2
44 silly idealTree:prePrune ├─┬ mongodb-core@3.1.5
44 silly idealTree:prePrune │ └── bson@1.1.0
44 silly idealTree:prePrune ├── mongodb@3.1.6
44 silly idealTree:prePrune ├── mongoose-legacy-pluralize@1.0.2
44 silly idealTree:prePrune ├── mongoose@5.3.1
44 silly idealTree:prePrune ├── mpath@0.5.1
44 silly idealTree:prePrune ├─┬ mquery@3.2.0
44 silly idealTree:prePrune │ ├── bluebird@3.5.1
44 silly idealTree:prePrune │ └── debug@3.1.0
44 silly idealTree:prePrune ├── ms@2.0.0
44 silly idealTree:prePrune ├─┬ nanomatch@1.2.13
44 silly idealTree:prePrune │ ├── arr-diff@4.0.0
44 silly idealTree:prePrune │ ├── array-unique@0.3.2
44 silly idealTree:prePrune │ └── kind-of@6.0.2
44 silly idealTree:prePrune ├── nigel@2.0.2
44 silly idealTree:prePrune ├── node-pre-gyp@0.6.36
44 silly idealTree:prePrune ├─┬ nodemon@1.18.4
44 silly idealTree:prePrune │ ├── anymatch@2.0.0
44 silly idealTree:prePrune │ ├── arr-diff@4.0.0
44 silly idealTree:prePrune │ ├── array-unique@0.3.2
44 silly idealTree:prePrune │ ├─┬ braces@2.3.2
44 silly idealTree:prePrune │ │ └── extend-shallow@2.0.1
44 silly idealTree:prePrune │ ├── chokidar@2.0.4
44 silly idealTree:prePrune │ ├─┬ debug@3.2.5
44 silly idealTree:prePrune │ │ └── ms@2.1.1
44 silly idealTree:prePrune │ ├─┬ expand-brackets@2.1.4
44 silly idealTree:prePrune │ │ ├── debug@2.6.9
44 silly idealTree:prePrune │ │ ├── define-property@0.2.5
44 silly idealTree:prePrune │ │ ├── extend-shallow@2.0.1
44 silly idealTree:prePrune │ │ ├─┬ is-accessor-descriptor@0.1.6
44 silly idealTree:prePrune │ │ │ └── kind-of@3.2.2
44 silly idealTree:prePrune │ │ ├─┬ is-data-descriptor@0.1.4
44 silly idealTree:prePrune │ │ │ └── kind-of@3.2.2
44 silly idealTree:prePrune │ │ ├── is-descriptor@0.1.6
44 silly idealTree:prePrune │ │ └── kind-of@5.1.0
44 silly idealTree:prePrune │ ├─┬ extglob@2.0.4
44 silly idealTree:prePrune │ │ ├── define-property@1.0.0
44 silly idealTree:prePrune │ │ └── extend-shallow@2.0.1
44 silly idealTree:prePrune │ ├─┬ fill-range@4.0.0
44 silly idealTree:prePrune │ │ └── extend-shallow@2.0.1
44 silly idealTree:prePrune │ ├─┬ glob-parent@3.1.0
44 silly idealTree:prePrune │ │ └── is-glob@3.1.0
44 silly idealTree:prePrune │ ├── is-accessor-descriptor@1.0.0
44 silly idealTree:prePrune │ ├── is-data-descriptor@1.0.0
44 silly idealTree:prePrune │ ├── is-descriptor@1.0.2
44 silly idealTree:prePrune │ ├── is-extglob@2.1.1
44 silly idealTree:prePrune │ ├── is-glob@4.0.0
44 silly idealTree:prePrune │ ├─┬ is-number@3.0.0
44 silly idealTree:prePrune │ │ └── kind-of@3.2.2
44 silly idealTree:prePrune │ ├── isobject@3.0.1
44 silly idealTree:prePrune │ ├── kind-of@6.0.2
44 silly idealTree:prePrune │ ├── micromatch@3.1.10
44 silly idealTree:prePrune │ └── supports-color@5.5.0
44 silly idealTree:prePrune ├── nopt@4.0.1
44 silly idealTree:prePrune ├── normalize-path@2.1.1
44 silly idealTree:prePrune ├── npm-run-path@2.0.2
44 silly idealTree:prePrune ├── npmlog@4.1.2
44 silly idealTree:prePrune ├── number-is-nan@1.0.1
44 silly idealTree:prePrune ├── oauth-sign@0.9.0
44 silly idealTree:prePrune ├── object-assign@4.1.1
44 silly idealTree:prePrune ├─┬ object-copy@0.1.0
44 silly idealTree:prePrune │ └── define-property@0.2.5
44 silly idealTree:prePrune ├─┬ object-visit@1.0.1
44 silly idealTree:prePrune │ └── isobject@3.0.1
44 silly idealTree:prePrune ├── object.omit@2.0.1
44 silly idealTree:prePrune ├─┬ object.pick@1.3.0
44 silly idealTree:prePrune │ └── isobject@3.0.1
44 silly idealTree:prePrune ├── once@1.4.0
44 silly idealTree:prePrune ├── os-homedir@1.0.2
44 silly idealTree:prePrune ├── os-tmpdir@1.0.2
44 silly idealTree:prePrune ├── osenv@0.1.5
44 silly idealTree:prePrune ├── output-file-sync@1.1.2
44 silly idealTree:prePrune ├── p-finally@1.0.0
44 silly idealTree:prePrune ├── package-json@4.0.1
44 silly idealTree:prePrune ├── parse-glob@3.0.4
44 silly idealTree:prePrune ├── pascalcase@0.1.1
44 silly idealTree:prePrune ├── path-dirname@1.0.2
44 silly idealTree:prePrune ├── path-is-absolute@1.0.1
44 silly idealTree:prePrune ├── path-is-inside@1.0.2
44 silly idealTree:prePrune ├── path-key@2.0.1
44 silly idealTree:prePrune ├── pause-stream@0.0.11
44 silly idealTree:prePrune ├── performance-now@2.1.0
44 silly idealTree:prePrune ├── pez@2.1.5
44 silly idealTree:prePrune ├── pify@3.0.0
44 silly idealTree:prePrune ├── podium@1.3.0
44 silly idealTree:prePrune ├── posix-character-classes@0.1.1
44 silly idealTree:prePrune ├── prepend-http@1.0.4
44 silly idealTree:prePrune ├── preserve@0.2.0
44 silly idealTree:prePrune ├── private@0.1.8
44 silly idealTree:prePrune ├── process-nextick-args@2.0.0
44 silly idealTree:prePrune ├── ps-tree@1.1.0
44 silly idealTree:prePrune ├── pseudomap@1.0.2
44 silly idealTree:prePrune ├── psl@1.1.29
44 silly idealTree:prePrune ├── pstree.remy@1.1.0
44 silly idealTree:prePrune ├── punycode@1.4.1
44 silly idealTree:prePrune ├── qs@6.5.2
44 silly idealTree:prePrune ├─┬ randomatic@3.1.0
44 silly idealTree:prePrune │ ├── is-number@4.0.0
44 silly idealTree:prePrune │ └── kind-of@6.0.2
44 silly idealTree:prePrune ├─┬ rc@1.2.8
44 silly idealTree:prePrune │ └── minimist@1.2.0
44 silly idealTree:prePrune ├── readable-stream@2.3.6
44 silly idealTree:prePrune ├─┬ readdirp@2.2.1
44 silly idealTree:prePrune │ ├── arr-diff@4.0.0
44 silly idealTree:prePrune │ ├── array-unique@0.3.2
44 silly idealTree:prePrune │ ├─┬ braces@2.3.2
44 silly idealTree:prePrune │ │ └── extend-shallow@2.0.1
44 silly idealTree:prePrune │ ├─┬ expand-brackets@2.1.4
44 silly idealTree:prePrune │ │ ├── define-property@0.2.5
44 silly idealTree:prePrune │ │ ├── extend-shallow@2.0.1
44 silly idealTree:prePrune │ │ ├─┬ is-accessor-descriptor@0.1.6
44 silly idealTree:prePrune │ │ │ └── kind-of@3.2.2
44 silly idealTree:prePrune │ │ ├─┬ is-data-descriptor@0.1.4
44 silly idealTree:prePrune │ │ │ └── kind-of@3.2.2
44 silly idealTree:prePrune │ │ ├── is-descriptor@0.1.6
44 silly idealTree:prePrune │ │ └── kind-of@5.1.0
44 silly idealTree:prePrune │ ├─┬ extglob@2.0.4
44 silly idealTree:prePrune │ │ ├── define-property@1.0.0
44 silly idealTree:prePrune │ │ └── extend-shallow@2.0.1
44 silly idealTree:prePrune │ ├─┬ fill-range@4.0.0
44 silly idealTree:prePrune │ │ └── extend-shallow@2.0.1
44 silly idealTree:prePrune │ ├── is-accessor-descriptor@1.0.0
44 silly idealTree:prePrune │ ├── is-data-descriptor@1.0.0
44 silly idealTree:prePrune │ ├── is-descriptor@1.0.2
44 silly idealTree:prePrune │ ├─┬ is-number@3.0.0
44 silly idealTree:prePrune │ │ └── kind-of@3.2.2
44 silly idealTree:prePrune │ ├── isobject@3.0.1
44 silly idealTree:prePrune │ ├── kind-of@6.0.2
44 silly idealTree:prePrune │ └── micromatch@3.1.10
44 silly idealTree:prePrune ├── regenerate@1.4.0
44 silly idealTree:prePrune ├── regenerator-runtime@0.11.1
44 silly idealTree:prePrune ├── regenerator-transform@0.10.1
44 silly idealTree:prePrune ├── regex-cache@0.4.4
44 silly idealTree:prePrune ├── regex-not@1.0.2
44 silly idealTree:prePrune ├── regexp-clone@0.0.1
44 silly idealTree:prePrune ├── regexpu-core@2.0.0
44 silly idealTree:prePrune ├── registry-auth-token@3.3.2
44 silly idealTree:prePrune ├── registry-url@3.1.0
44 silly idealTree:prePrune ├── regjsgen@0.2.0
44 silly idealTree:prePrune ├─┬ regjsparser@0.1.5
44 silly idealTree:prePrune │ └── jsesc@0.5.0
44 silly idealTree:prePrune ├── remove-trailing-separator@1.1.0
44 silly idealTree:prePrune ├── repeat-element@1.1.3
44 silly idealTree:prePrune ├── repeat-string@1.6.1
44 silly idealTree:prePrune ├── repeating@2.0.1
44 silly idealTree:prePrune ├── request@2.88.0
44 silly idealTree:prePrune ├── require_optional@1.0.1
44 silly idealTree:prePrune ├── resolve-from@2.0.0
44 silly idealTree:prePrune ├── resolve-url@0.2.1
44 silly idealTree:prePrune ├── ret@0.1.15
44 silly idealTree:prePrune ├── rimraf@2.6.2
44 silly idealTree:prePrune ├── safe-buffer@5.1.2
44 silly idealTree:prePrune ├── safe-regex@1.1.0
44 silly idealTree:prePrune ├── safer-buffer@2.1.2
44 silly idealTree:prePrune ├── saslprep@1.0.2
44 silly idealTree:prePrune ├── semver-diff@2.1.0
44 silly idealTree:prePrune ├── semver@5.5.1
44 silly idealTree:prePrune ├── set-blocking@2.0.0
44 silly idealTree:prePrune ├─┬ set-value@2.0.0
44 silly idealTree:prePrune │ └── extend-shallow@2.0.1
44 silly idealTree:prePrune ├── shebang-command@1.2.0
44 silly idealTree:prePrune ├── shebang-regex@1.0.0
44 silly idealTree:prePrune ├── shot@3.4.2
44 silly idealTree:prePrune ├── signal-exit@3.0.2
44 silly idealTree:prePrune ├── slash@1.0.0
44 silly idealTree:prePrune ├── sliced@1.0.1
44 silly idealTree:prePrune ├─┬ snapdragon-node@2.1.1
44 silly idealTree:prePrune │ ├── define-property@1.0.0
44 silly idealTree:prePrune │ ├── is-accessor-descriptor@1.0.0
44 silly idealTree:prePrune │ ├── is-data-descriptor@1.0.0
44 silly idealTree:prePrune │ ├── is-descriptor@1.0.2
44 silly idealTree:prePrune │ ├── isobject@3.0.1
44 silly idealTree:prePrune │ └── kind-of@6.0.2
44 silly idealTree:prePrune ├── snapdragon-util@3.0.1
44 silly idealTree:prePrune ├─┬ snapdragon@0.8.2
44 silly idealTree:prePrune │ ├── define-property@0.2.5
44 silly idealTree:prePrune │ └── extend-shallow@2.0.1
44 silly idealTree:prePrune ├── source-map-resolve@0.5.2
44 silly idealTree:prePrune ├── source-map-support@0.4.18
44 silly idealTree:prePrune ├── source-map-url@0.4.0
44 silly idealTree:prePrune ├── source-map@0.5.7
44 silly idealTree:prePrune ├── sparse-bitfield@3.0.3
44 silly idealTree:prePrune ├── split-string@3.1.0
44 silly idealTree:prePrune ├── split@1.0.1
44 silly idealTree:prePrune ├── sshpk@1.14.2
44 silly idealTree:prePrune ├── statehood@5.0.3
44 silly idealTree:prePrune ├─┬ static-extend@0.1.2
44 silly idealTree:prePrune │ └── define-property@0.2.5
44 silly idealTree:prePrune ├── stream-combiner@0.2.2
44 silly idealTree:prePrune ├── string_decoder@1.1.1
44 silly idealTree:prePrune ├── string-width@1.0.2
44 silly idealTree:prePrune ├── strip-ansi@3.0.1
44 silly idealTree:prePrune ├── strip-eof@1.0.0
44 silly idealTree:prePrune ├── strip-json-comments@2.0.1
44 silly idealTree:prePrune ├── subtext@5.0.0
44 silly idealTree:prePrune ├── supports-color@2.0.0
44 silly idealTree:prePrune ├── tar-pack@3.4.1
44 silly idealTree:prePrune ├── tar@2.2.1
44 silly idealTree:prePrune ├── term-size@1.2.0
44 silly idealTree:prePrune ├── through@2.3.8
44 silly idealTree:prePrune ├── timed-out@4.0.1
44 silly idealTree:prePrune ├── to-fast-properties@1.0.3
44 silly idealTree:prePrune ├── to-object-path@0.3.0
44 silly idealTree:prePrune ├─┬ to-regex-range@2.1.1
44 silly idealTree:prePrune │ └── is-number@3.0.0
44 silly idealTree:prePrune ├── to-regex@3.0.2
44 silly idealTree:prePrune ├── topo@2.0.2
44 silly idealTree:prePrune ├─┬ touch@3.1.0
44 silly idealTree:prePrune │ └── nopt@1.0.10
44 silly idealTree:prePrune ├── tough-cookie@2.4.3
44 silly idealTree:prePrune ├── trim-right@1.0.1
44 silly idealTree:prePrune ├── tunnel-agent@0.6.0
44 silly idealTree:prePrune ├── tweetnacl@0.14.5
44 silly idealTree:prePrune ├── uid-number@0.0.6
44 silly idealTree:prePrune ├── undefsafe@2.0.2
44 silly idealTree:prePrune ├─┬ union-value@1.0.0
44 silly idealTree:prePrune │ ├── extend-shallow@2.0.1
44 silly idealTree:prePrune │ └── set-value@0.4.3
44 silly idealTree:prePrune ├── unique-string@1.0.0
44 silly idealTree:prePrune ├─┬ unset-value@1.0.0
44 silly idealTree:prePrune │ ├─┬ has-value@0.3.1
44 silly idealTree:prePrune │ │ └── isobject@2.1.0
44 silly idealTree:prePrune │ ├── has-values@0.1.4
44 silly idealTree:prePrune │ └── isobject@3.0.1
44 silly idealTree:prePrune ├── unzip-response@2.0.1
44 silly idealTree:prePrune ├── upath@1.1.0
44 silly idealTree:prePrune ├─┬ update-notifier@2.5.0
44 silly idealTree:prePrune │ ├── ansi-styles@3.2.1
44 silly idealTree:prePrune │ ├── chalk@2.4.1
44 silly idealTree:prePrune │ └── supports-color@5.5.0
44 silly idealTree:prePrune ├── urix@0.1.0
44 silly idealTree:prePrune ├── url-parse-lax@1.0.0
44 silly idealTree:prePrune ├── use@3.1.1
44 silly idealTree:prePrune ├── user-home@1.1.1
44 silly idealTree:prePrune ├── util-deprecate@1.0.2
44 silly idealTree:prePrune ├── uuid@3.3.2
44 silly idealTree:prePrune ├── v8flags@2.1.1
44 silly idealTree:prePrune ├── verror@1.10.0
44 silly idealTree:prePrune ├── vise@2.0.2
44 silly idealTree:prePrune ├── which@1.3.1
44 silly idealTree:prePrune ├── wide-align@1.1.3
44 silly idealTree:prePrune ├─┬ widest-line@2.0.0
44 silly idealTree:prePrune │ ├── ansi-regex@3.0.0
44 silly idealTree:prePrune │ ├── is-fullwidth-code-point@2.0.0
44 silly idealTree:prePrune │ ├── string-width@2.1.1
44 silly idealTree:prePrune │ └── strip-ansi@4.0.0
44 silly idealTree:prePrune ├── wrappy@1.0.2
44 silly idealTree:prePrune ├── wreck@12.5.1
44 silly idealTree:prePrune ├── write-file-atomic@2.3.0
44 silly idealTree:prePrune ├── xdg-basedir@3.0.0
44 silly idealTree:prePrune ├── xtend@4.0.1
44 silly idealTree:prePrune └── yallist@2.1.2
45 silly loadIdealTree Finishing
46 silly currentTree kanopole-rest-api@1.0.0
46 silly currentTree ├── abbrev@1.1.1
46 silly currentTree ├── accept@2.1.4
46 silly currentTree ├── ajv@5.5.2
46 silly currentTree ├── ammo@2.0.4
46 silly currentTree ├─┬ ansi-align@2.0.0
46 silly currentTree │ ├── ansi-regex@3.0.0
46 silly currentTree │ ├── is-fullwidth-code-point@2.0.0
46 silly currentTree │ ├── string-width@2.1.1
46 silly currentTree │ └── strip-ansi@4.0.0
46 silly currentTree ├── ansi-regex@2.1.1
46 silly currentTree ├── ansi-styles@2.2.1
46 silly currentTree ├── anymatch@1.3.2
46 silly currentTree ├── aproba@1.2.0
46 silly currentTree ├── are-we-there-yet@1.1.5
46 silly currentTree ├── arr-diff@2.0.0
46 silly currentTree ├── arr-flatten@1.1.0
46 silly currentTree ├── arr-union@3.1.0
46 silly currentTree ├── array-unique@0.2.1
46 silly currentTree ├── asn1@0.2.4
46 silly currentTree ├── assert-plus@1.0.0
46 silly currentTree ├── assign-symbols@1.0.0
46 silly currentTree ├── async-each@1.0.1
46 silly currentTree ├── async@2.6.1
46 silly currentTree ├── asynckit@0.4.0
46 silly currentTree ├── atob@2.1.2
46 silly currentTree ├── aws-sign2@0.7.0
46 silly currentTree ├── aws4@1.8.0
46 silly currentTree ├── b64@3.0.3
46 silly currentTree ├── babel-cli@6.26.0
46 silly currentTree ├── babel-code-frame@6.26.0
46 silly currentTree ├── babel-core@6.26.3
46 silly currentTree ├── babel-generator@6.26.1
46 silly currentTree ├── babel-helper-bindify-decorators@6.24.1
46 silly currentTree ├── babel-helper-builder-binary-assignment-operator-visitor@6.24.1
46 silly currentTree ├── babel-helper-call-delegate@6.24.1
46 silly currentTree ├── babel-helper-define-map@6.26.0
46 silly currentTree ├── babel-helper-explode-assignable-expression@6.24.1
46 silly currentTree ├── babel-helper-explode-class@6.24.1
46 silly currentTree ├── babel-helper-function-name@6.24.1
46 silly currentTree ├── babel-helper-get-function-arity@6.24.1
46 silly currentTree ├── babel-helper-hoist-variables@6.24.1
46 silly currentTree ├── babel-helper-optimise-call-expression@6.24.1
46 silly currentTree ├── babel-helper-regex@6.26.0
46 silly currentTree ├── babel-helper-remap-async-to-generator@6.24.1
46 silly currentTree ├── babel-helper-replace-supers@6.24.1
46 silly currentTree ├── babel-helpers@6.24.1
46 silly currentTree ├── babel-messages@6.23.0
46 silly currentTree ├── babel-plugin-check-es2015-constants@6.22.0
46 silly currentTree ├── babel-plugin-syntax-async-functions@6.13.0
46 silly currentTree ├── babel-plugin-syntax-async-generators@6.13.0
46 silly currentTree ├── babel-plugin-syntax-class-properties@6.13.0
46 silly currentTree ├── babel-plugin-syntax-decorators@6.13.0
46 silly currentTree ├── babel-plugin-syntax-dynamic-import@6.18.0
46 silly currentTree ├── babel-plugin-syntax-exponentiation-operator@6.13.0
46 silly currentTree ├── babel-plugin-syntax-object-rest-spread@6.13.0
46 silly currentTree ├── babel-plugin-syntax-trailing-function-commas@6.22.0
46 silly currentTree ├── babel-plugin-transform-async-generator-functions@6.24.1
46 silly currentTree ├── babel-plugin-transform-async-to-generator@6.24.1
46 silly currentTree ├── babel-plugin-transform-class-properties@6.24.1
46 silly currentTree ├── babel-plugin-transform-decorators@6.24.1
46 silly currentTree ├── babel-plugin-transform-es2015-arrow-functions@6.22.0
46 silly currentTree ├── babel-plugin-transform-es2015-block-scoped-functions@6.22.0
46 silly currentTree ├── babel-plugin-transform-es2015-block-scoping@6.26.0
46 silly currentTree ├── babel-plugin-transform-es2015-classes@6.24.1
46 silly currentTree ├── babel-plugin-transform-es2015-computed-properties@6.24.1
46 silly currentTree ├── babel-plugin-transform-es2015-destructuring@6.23.0
46 silly currentTree ├── babel-plugin-transform-es2015-duplicate-keys@6.24.1
46 silly currentTree ├── babel-plugin-transform-es2015-for-of@6.23.0
46 silly currentTree ├── babel-plugin-transform-es2015-function-name@6.24.1
46 silly currentTree ├── babel-plugin-transform-es2015-literals@6.22.0
46 silly currentTree ├── babel-plugin-transform-es2015-modules-amd@6.24.1
46 silly currentTree ├── babel-plugin-transform-es2015-modules-commonjs@6.26.2
46 silly currentTree ├── babel-plugin-transform-es2015-modules-systemjs@6.24.1
46 silly currentTree ├── babel-plugin-transform-es2015-modules-umd@6.24.1
46 silly currentTree ├── babel-plugin-transform-es2015-object-super@6.24.1
46 silly currentTree ├── babel-plugin-transform-es2015-parameters@6.24.1
46 silly currentTree ├── babel-plugin-transform-es2015-shorthand-properties@6.24.1
46 silly currentTree ├── babel-plugin-transform-es2015-spread@6.22.0
46 silly currentTree ├── babel-plugin-transform-es2015-sticky-regex@6.24.1
46 silly currentTree ├── babel-plugin-transform-es2015-template-literals@6.22.0
46 silly currentTree ├── babel-plugin-transform-es2015-typeof-symbol@6.23.0
46 silly currentTree ├── babel-plugin-transform-es2015-unicode-regex@6.24.1
46 silly currentTree ├── babel-plugin-transform-exponentiation-operator@6.24.1
46 silly currentTree ├── babel-plugin-transform-object-rest-spread@6.26.0
46 silly currentTree ├── babel-plugin-transform-regenerator@6.26.0
46 silly currentTree ├── babel-plugin-transform-strict-mode@6.24.1
46 silly currentTree ├─┬ babel-polyfill@6.26.0
46 silly currentTree │ └── regenerator-runtime@0.10.5
46 silly currentTree ├── babel-preset-es2015@6.24.1
46 silly currentTree ├── babel-preset-stage-2@6.24.1
46 silly currentTree ├── babel-preset-stage-3@6.24.1
46 silly currentTree ├── babel-register@6.26.0
46 silly currentTree ├── babel-runtime@6.26.0
46 silly currentTree ├── babel-template@6.26.0
46 silly currentTree ├── babel-traverse@6.26.0
46 silly currentTree ├── babel-types@6.26.0
46 silly currentTree ├── babylon@6.18.0
46 silly currentTree ├── balanced-match@1.0.0
46 silly currentTree ├─┬ base@0.11.2
46 silly currentTree │ ├── define-property@1.0.0
46 silly currentTree │ ├── is-accessor-descriptor@1.0.0
46 silly currentTree │ ├── is-data-descriptor@1.0.0
46 silly currentTree │ ├── is-descriptor@1.0.2
46 silly currentTree │ ├── isobject@3.0.1
46 silly currentTree │ └── kind-of@6.0.2
46 silly currentTree ├── bcrypt-pbkdf@1.0.2
46 silly currentTree ├─┬ bcrypt@1.0.3
46 silly currentTree │ └── nan@2.6.2
46 silly currentTree ├── binary-extensions@1.12.0
46 silly currentTree ├── block-stream@0.0.9
46 silly currentTree ├── boom@5.2.0
46 silly currentTree ├─┬ boxen@1.3.0
46 silly currentTree │ ├── ansi-regex@3.0.0
46 silly currentTree │ ├── ansi-styles@3.2.1
46 silly currentTree │ ├── chalk@2.4.1
46 silly currentTree │ ├── is-fullwidth-code-point@2.0.0
46 silly currentTree │ ├── string-width@2.1.1
46 silly currentTree │ ├── strip-ansi@4.0.0
46 silly currentTree │ └── supports-color@5.5.0
46 silly currentTree ├── brace-expansion@1.1.11
46 silly currentTree ├── braces@1.8.5
46 silly currentTree ├── bson@1.0.9
46 silly currentTree ├── buffer-equal-constant-time@1.0.1
46 silly currentTree ├─┬ cache-base@1.0.1
46 silly currentTree │ └── isobject@3.0.1
46 silly currentTree ├── call@4.0.2
46 silly currentTree ├── camelcase@4.1.0
46 silly currentTree ├── capture-stack-trace@1.0.1
46 silly currentTree ├── caseless@0.12.0
46 silly currentTree ├── catbox-memory@2.0.4
46 silly currentTree ├── catbox@7.1.5
46 silly currentTree ├── chalk@1.1.3
46 silly currentTree ├── chokidar@1.7.0
46 silly currentTree ├── ci-info@1.6.0
46 silly currentTree ├─┬ class-utils@0.3.6
46 silly currentTree │ ├── define-property@0.2.5
46 silly currentTree │ └── isobject@3.0.1
46 silly currentTree ├── cli-boxes@1.0.0
46 silly currentTree ├── co@4.6.0
46 silly currentTree ├── code-point-at@1.1.0
46 silly currentTree ├── collection-visit@1.0.0
46 silly currentTree ├── color-convert@1.9.3
46 silly currentTree ├── color-name@1.1.3
46 silly currentTree ├── combined-stream@1.0.7
46 silly currentTree ├── commander@2.18.0
46 silly currentTree ├── component-emitter@1.2.1
46 silly currentTree ├── concat-map@0.0.1
46 silly currentTree ├── configstore@3.1.2
46 silly currentTree ├── console-control-strings@1.1.0
46 silly currentTree ├── content@3.0.7
46 silly currentTree ├── convert-source-map@1.6.0
46 silly currentTree ├── copy-descriptor@0.1.1
46 silly currentTree ├── core-js@2.5.7
46 silly currentTree ├── core-util-is@1.0.2
46 silly currentTree ├── create-error-class@3.0.2
46 silly currentTree ├── cross-spawn@5.1.0
46 silly currentTree ├── cryptiles@3.1.2
46 silly currentTree ├── crypto-random-string@1.0.0
46 silly currentTree ├── dashdash@1.14.1
46 silly currentTree ├── date-and-time@0.5.0
46 silly currentTree ├── debug@2.6.9
46 silly currentTree ├── decode-uri-component@0.2.0
46 silly currentTree ├── deep-extend@0.6.0
46 silly currentTree ├─┬ define-property@2.0.2
46 silly currentTree │ ├── is-accessor-descriptor@1.0.0
46 silly currentTree │ ├── is-data-descriptor@1.0.0
46 silly currentTree │ ├── is-descriptor@1.0.2
46 silly currentTree │ ├── isobject@3.0.1
46 silly currentTree │ └── kind-of@6.0.2
46 silly currentTree ├── delayed-stream@1.0.0
46 silly currentTree ├── delegates@1.0.0
46 silly currentTree ├── detect-indent@4.0.0
46 silly currentTree ├── dot-prop@4.2.0
46 silly currentTree ├── duplexer@0.1.1
46 silly currentTree ├── duplexer3@0.1.4
46 silly currentTree ├── ecc-jsbn@0.1.2
46 silly currentTree ├── ecdsa-sig-formatter@1.0.10
46 silly currentTree ├── escape-string-regexp@1.0.5
46 silly currentTree ├── esutils@2.0.2
46 silly currentTree ├── event-stream@3.3.6
46 silly currentTree ├── execa@0.7.0
46 silly currentTree ├── expand-brackets@0.1.5
46 silly currentTree ├── expand-range@1.8.2
46 silly currentTree ├─┬ extend-shallow@3.0.2
46 silly currentTree │ └── is-extendable@1.0.1
46 silly currentTree ├── extend@3.0.2
46 silly currentTree ├── extglob@0.3.2
46 silly currentTree ├── extsprintf@1.3.0
46 silly currentTree ├── fast-deep-equal@1.1.0
46 silly currentTree ├── fast-json-stable-stringify@2.0.0
46 silly currentTree ├── filename-regex@2.0.1
46 silly currentTree ├── fill-range@2.2.4
46 silly currentTree ├── flatmap-stream@0.1.1
46 silly currentTree ├── for-in@1.0.2
46 silly currentTree ├── for-own@0.1.5
46 silly currentTree ├── forever-agent@0.6.1
46 silly currentTree ├─┬ form-data@2.3.2
46 silly currentTree │ └── combined-stream@1.0.6
46 silly currentTree ├── formidable@1.2.1
46 silly currentTree ├── fragment-cache@0.2.1
46 silly currentTree ├── from@0.1.7
46 silly currentTree ├── fs-readdir-recursive@1.1.0
46 silly currentTree ├── fs.realpath@1.0.0
46 silly currentTree ├── fs@0.0.1-security
46 silly currentTree ├── fstream-ignore@1.0.5
46 silly currentTree ├── fstream@1.0.11
46 silly currentTree ├── gauge@2.7.4
46 silly currentTree ├── get-stream@3.0.0
46 silly currentTree ├── get-value@2.0.6
46 silly currentTree ├── getpass@0.1.7
46 silly currentTree ├── glob-base@0.3.0
46 silly currentTree ├── glob-parent@2.0.0
46 silly currentTree ├── glob@7.1.3
46 silly currentTree ├── global-dirs@0.1.1
46 silly currentTree ├── globals@9.18.0
46 silly currentTree ├── got@6.7.1
46 silly currentTree ├── graceful-fs@4.1.11
46 silly currentTree ├─┬ hapi-auth-jwt@4.0.0
46 silly currentTree │ ├─┬ boom@3.2.2
46 silly currentTree │ │ └── hoek@4.2.1
46 silly currentTree │ ├── hoek@3.0.4
46 silly currentTree │ ├── jsonwebtoken@5.7.0
46 silly currentTree │ └── ms@0.7.3
46 silly currentTree ├─┬ hapi@16.6.3
46 silly currentTree │ ├── isemail@3.1.3
46 silly currentTree │ ├── joi@11.4.0
46 silly currentTree │ └── punycode@2.1.1
46 silly currentTree ├── har-schema@2.0.0
46 silly currentTree ├── har-validator@5.1.0
46 silly currentTree ├── has-ansi@2.0.0
46 silly currentTree ├── has-flag@3.0.0
46 silly currentTree ├── has-unicode@2.0.1
46 silly currentTree ├─┬ has-value@1.0.0
46 silly currentTree │ └── isobject@3.0.1
46 silly currentTree ├─┬ has-values@1.0.0
46 silly currentTree │ ├─┬ is-number@3.0.0
46 silly currentTree │ │ └── kind-of@3.2.2
46 silly currentTree │ └── kind-of@4.0.0
46 silly currentTree ├── heavy@4.0.4
46 silly currentTree ├── hoek@4.2.1
46 silly currentTree ├── home-or-tmp@2.0.0
46 silly currentTree ├── http-signature@1.2.0
46 silly currentTree ├── ignore-by-default@1.0.1
46 silly currentTree ├── import-lazy@2.1.0
46 silly currentTree ├── imurmurhash@0.1.4
46 silly currentTree ├── inflight@1.0.6
46 silly currentTree ├── inherits@2.0.3
46 silly currentTree ├── ini@1.3.5
46 silly currentTree ├── invariant@2.2.4
46 silly currentTree ├── iron@4.0.5
46 silly currentTree ├── is-accessor-descriptor@0.1.6
46 silly currentTree ├── is-binary-path@1.0.1
46 silly currentTree ├── is-buffer@1.1.6
46 silly currentTree ├── is-ci@1.2.1
46 silly currentTree ├── is-data-descriptor@0.1.4
46 silly currentTree ├─┬ is-descriptor@0.1.6
46 silly currentTree │ └── kind-of@5.1.0
46 silly currentTree ├── is-dotfile@1.0.3
46 silly currentTree ├── is-equal-shallow@0.1.3
46 silly currentTree ├── is-extendable@0.1.1
46 silly currentTree ├── is-extglob@1.0.0
46 silly currentTree ├── is-finite@1.0.2
46 silly currentTree ├── is-fullwidth-code-point@1.0.0
46 silly currentTree ├── is-glob@2.0.1
46 silly currentTree ├── is-installed-globally@0.1.0
46 silly currentTree ├── is-npm@1.0.0
46 silly currentTree ├── is-number@2.1.0
46 silly currentTree ├── is-obj@1.0.1
46 silly currentTree ├── is-path-inside@1.0.1
46 silly currentTree ├─┬ is-plain-object@2.0.4
46 silly currentTree │ └── isobject@3.0.1
46 silly currentTree ├── is-posix-bracket@0.1.1
46 silly currentTree ├── is-primitive@2.0.0
46 silly currentTree ├── is-redirect@1.0.0
46 silly currentTree ├── is-retry-allowed@1.1.0
46 silly currentTree ├── is-stream@1.1.0
46 silly currentTree ├── is-typedarray@1.0.0
46 silly currentTree ├── is-windows@1.0.2
46 silly currentTree ├── isarray@1.0.0
46 silly currentTree ├── isemail@2.2.1
46 silly currentTree ├── isexe@2.0.0
46 silly currentTree ├── isobject@2.1.0
46 silly currentTree ├── isstream@0.1.2
46 silly currentTree ├── items@2.1.1
46 silly currentTree ├── joi@10.6.0
46 silly currentTree ├── js-tokens@3.0.2
46 silly currentTree ├── jsbn@0.1.1
46 silly currentTree ├── jsesc@1.3.0
46 silly currentTree ├── json-schema-traverse@0.3.1
46 silly currentTree ├── json-schema@0.2.3
46 silly currentTree ├── json-stringify-safe@5.0.1
46 silly currentTree ├── json5@0.5.1
46 silly currentTree ├─┬ jsonwebtoken@7.4.3
46 silly currentTree │ ├── hoek@2.16.3
46 silly currentTree │ ├── isemail@1.2.0
46 silly currentTree │ ├── joi@6.10.1
46 silly currentTree │ └── topo@1.1.0
46 silly currentTree ├── jsprim@1.4.1
46 silly currentTree ├── jwa@1.1.6
46 silly currentTree ├── jws@3.1.5
46 silly currentTree ├── kareem@2.3.0
46 silly currentTree ├── kind-of@3.2.2
46 silly currentTree ├── latest-version@3.1.0
46 silly currentTree ├── lodash.debounce@4.0.8
46 silly currentTree ├── lodash.get@4.4.2
46 silly currentTree ├── lodash.once@4.1.1
46 silly currentTree ├── lodash@4.17.11
46 silly currentTree ├── loose-envify@1.4.0
46 silly currentTree ├── lowercase-keys@1.0.1
46 silly currentTree ├── lru-cache@4.1.3
46 silly currentTree ├── make-dir@1.3.0
46 silly currentTree ├── map-cache@0.2.2
46 silly currentTree ├── map-stream@0.0.7
46 silly currentTree ├── map-visit@1.0.0
46 silly currentTree ├── math-random@1.0.1
46 silly currentTree ├── memory-pager@1.1.0
46 silly currentTree ├── micromatch@2.3.11
46 silly currentTree ├── mime-db@1.36.0
46 silly currentTree ├── mime-types@2.1.20
46 silly currentTree ├── mimos@3.0.3
46 silly currentTree ├── minimatch@3.0.4
46 silly currentTree ├── minimist@0.0.8
46 silly currentTree ├─┬ mixin-deep@1.3.1
46 silly currentTree │ └── is-extendable@1.0.1
46 silly currentTree ├── mkdirp@0.5.1
46 silly currentTree ├── moment@2.22.2
46 silly currentTree ├─┬ mongodb-core@3.1.5
46 silly currentTree │ └── bson@1.1.0
46 silly currentTree ├── mongodb@3.1.6
46 silly currentTree ├── mongoose-legacy-pluralize@1.0.2
46 silly currentTree ├── mongoose@5.3.1
46 silly currentTree ├── mpath@0.5.1
46 silly currentTree ├─┬ mquery@3.2.0
46 silly currentTree │ ├── bluebird@3.5.1
46 silly currentTree │ └── debug@3.1.0
46 silly currentTree ├── ms@2.0.0
46 silly currentTree ├─┬ nanomatch@1.2.13
46 silly currentTree │ ├── arr-diff@4.0.0
46 silly currentTree │ ├── array-unique@0.3.2
46 silly currentTree │ └── kind-of@6.0.2
46 silly currentTree ├── nigel@2.0.2
46 silly currentTree ├── node-pre-gyp@0.6.36
46 silly currentTree ├─┬ nodemon@1.18.4
46 silly currentTree │ ├── anymatch@2.0.0
46 silly currentTree │ ├── arr-diff@4.0.0
46 silly currentTree │ ├── array-unique@0.3.2
46 silly currentTree │ ├─┬ braces@2.3.2
46 silly currentTree │ │ └── extend-shallow@2.0.1
46 silly currentTree │ ├── chokidar@2.0.4
46 silly currentTree │ ├─┬ debug@3.2.5
46 silly currentTree │ │ └── ms@2.1.1
46 silly currentTree │ ├─┬ expand-brackets@2.1.4
46 silly currentTree │ │ ├── debug@2.6.9
46 silly currentTree │ │ ├── define-property@0.2.5
46 silly currentTree │ │ ├── extend-shallow@2.0.1
46 silly currentTree │ │ ├─┬ is-accessor-descriptor@0.1.6
46 silly currentTree │ │ │ └── kind-of@3.2.2
46 silly currentTree │ │ ├─┬ is-data-descriptor@0.1.4
46 silly currentTree │ │ │ └── kind-of@3.2.2
46 silly currentTree │ │ ├── is-descriptor@0.1.6
46 silly currentTree │ │ └── kind-of@5.1.0
46 silly currentTree │ ├─┬ extglob@2.0.4
46 silly currentTree │ │ ├── define-property@1.0.0
46 silly currentTree │ │ └── extend-shallow@2.0.1
46 silly currentTree │ ├─┬ fill-range@4.0.0
46 silly currentTree │ │ └── extend-shallow@2.0.1
46 silly currentTree │ ├─┬ glob-parent@3.1.0
46 silly currentTree │ │ └── is-glob@3.1.0
46 silly currentTree │ ├── is-accessor-descriptor@1.0.0
46 silly currentTree │ ├── is-data-descriptor@1.0.0
46 silly currentTree │ ├── is-descriptor@1.0.2
46 silly currentTree │ ├── is-extglob@2.1.1
46 silly currentTree │ ├── is-glob@4.0.0
46 silly currentTree │ ├─┬ is-number@3.0.0
46 silly currentTree │ │ └── kind-of@3.2.2
46 silly currentTree │ ├── isobject@3.0.1
46 silly currentTree │ ├── kind-of@6.0.2
46 silly currentTree │ ├── micromatch@3.1.10
46 silly currentTree │ └── supports-color@5.5.0
46 silly currentTree ├── nopt@4.0.1
46 silly currentTree ├── normalize-path@2.1.1
46 silly currentTree ├── npm-run-path@2.0.2
46 silly currentTree ├── npmlog@4.1.2
46 silly currentTree ├── number-is-nan@1.0.1
46 silly currentTree ├── oauth-sign@0.9.0
46 silly currentTree ├── object-assign@4.1.1
46 silly currentTree ├─┬ object-copy@0.1.0
46 silly currentTree │ └── define-property@0.2.5
46 silly currentTree ├─┬ object-visit@1.0.1
46 silly currentTree │ └── isobject@3.0.1
46 silly currentTree ├── object.omit@2.0.1
46 silly currentTree ├─┬ object.pick@1.3.0
46 silly currentTree │ └── isobject@3.0.1
46 silly currentTree ├── once@1.4.0
46 silly currentTree ├── os-homedir@1.0.2
46 silly currentTree ├── os-tmpdir@1.0.2
46 silly currentTree ├── osenv@0.1.5
46 silly currentTree ├── output-file-sync@1.1.2
46 silly currentTree ├── p-finally@1.0.0
46 silly currentTree ├── package-json@4.0.1
46 silly currentTree ├── parse-glob@3.0.4
46 silly currentTree ├── pascalcase@0.1.1
46 silly currentTree ├── path-dirname@1.0.2
46 silly currentTree ├── path-is-absolute@1.0.1
46 silly currentTree ├── path-is-inside@1.0.2
46 silly currentTree ├── path-key@2.0.1
46 silly currentTree ├── pause-stream@0.0.11
46 silly currentTree ├── performance-now@2.1.0
46 silly currentTree ├── pez@2.1.5
46 silly currentTree ├── pify@3.0.0
46 silly currentTree ├── podium@1.3.0
46 silly currentTree ├── posix-character-classes@0.1.1
46 silly currentTree ├── prepend-http@1.0.4
46 silly currentTree ├── preserve@0.2.0
46 silly currentTree ├── private@0.1.8
46 silly currentTree ├── process-nextick-args@2.0.0
46 silly currentTree ├── ps-tree@1.1.0
46 silly currentTree ├── pseudomap@1.0.2
46 silly currentTree ├── psl@1.1.29
46 silly currentTree ├── pstree.remy@1.1.0
46 silly currentTree ├── punycode@1.4.1
46 silly currentTree ├── qs@6.5.2
46 silly currentTree ├─┬ randomatic@3.1.0
46 silly currentTree │ ├── is-number@4.0.0
46 silly currentTree │ └── kind-of@6.0.2
46 silly currentTree ├─┬ rc@1.2.8
46 silly currentTree │ └── minimist@1.2.0
46 silly currentTree ├── readable-stream@2.3.6
46 silly currentTree ├─┬ readdirp@2.2.1
46 silly currentTree │ ├── arr-diff@4.0.0
46 silly currentTree │ ├── array-unique@0.3.2
46 silly currentTree │ ├─┬ braces@2.3.2
46 silly currentTree │ │ └── extend-shallow@2.0.1
46 silly currentTree │ ├─┬ expand-brackets@2.1.4
46 silly currentTree │ │ ├── define-property@0.2.5
46 silly currentTree │ │ ├── extend-shallow@2.0.1
46 silly currentTree │ │ ├─┬ is-accessor-descriptor@0.1.6
46 silly currentTree │ │ │ └── kind-of@3.2.2
46 silly currentTree │ │ ├─┬ is-data-descriptor@0.1.4
46 silly currentTree │ │ │ └── kind-of@3.2.2
46 silly currentTree │ │ ├── is-descriptor@0.1.6
46 silly currentTree │ │ └── kind-of@5.1.0
46 silly currentTree │ ├─┬ extglob@2.0.4
46 silly currentTree │ │ ├── define-property@1.0.0
46 silly currentTree │ │ └── extend-shallow@2.0.1
46 silly currentTree │ ├─┬ fill-range@4.0.0
46 silly currentTree │ │ └── extend-shallow@2.0.1
46 silly currentTree │ ├── is-accessor-descriptor@1.0.0
46 silly currentTree │ ├── is-data-descriptor@1.0.0
46 silly currentTree │ ├── is-descriptor@1.0.2
46 silly currentTree │ ├─┬ is-number@3.0.0
46 silly currentTree │ │ └── kind-of@3.2.2
46 silly currentTree │ ├── isobject@3.0.1
46 silly currentTree │ ├── kind-of@6.0.2
46 silly currentTree │ └── micromatch@3.1.10
46 silly currentTree ├── regenerate@1.4.0
46 silly currentTree ├── regenerator-runtime@0.11.1
46 silly currentTree ├── regenerator-transform@0.10.1
46 silly currentTree ├── regex-cache@0.4.4
46 silly currentTree ├── regex-not@1.0.2
46 silly currentTree ├── regexp-clone@0.0.1
46 silly currentTree ├── regexpu-core@2.0.0
46 silly currentTree ├── registry-auth-token@3.3.2
46 silly currentTree ├── registry-url@3.1.0
46 silly currentTree ├── regjsgen@0.2.0
46 silly currentTree ├─┬ regjsparser@0.1.5
46 silly currentTree │ └── jsesc@0.5.0
46 silly currentTree ├── remove-trailing-separator@1.1.0
46 silly currentTree ├── repeat-element@1.1.3
46 silly currentTree ├── repeat-string@1.6.1
46 silly currentTree ├── repeating@2.0.1
46 silly currentTree ├── request@2.88.0
46 silly currentTree ├── require_optional@1.0.1
46 silly currentTree ├── resolve-from@2.0.0
46 silly currentTree ├── resolve-url@0.2.1
46 silly currentTree ├── ret@0.1.15
46 silly currentTree ├── rimraf@2.6.2
46 silly currentTree ├── safe-buffer@5.1.2
46 silly currentTree ├── safe-regex@1.1.0
46 silly currentTree ├── safer-buffer@2.1.2
46 silly currentTree ├── saslprep@1.0.2
46 silly currentTree ├── semver-diff@2.1.0
46 silly currentTree ├── semver@5.5.1
46 silly currentTree ├── set-blocking@2.0.0
46 silly currentTree ├─┬ set-value@2.0.0
46 silly currentTree │ └── extend-shallow@2.0.1
46 silly currentTree ├── shebang-command@1.2.0
46 silly currentTree ├── shebang-regex@1.0.0
46 silly currentTree ├── shot@3.4.2
46 silly currentTree ├── signal-exit@3.0.2
46 silly currentTree ├── slash@1.0.0
46 silly currentTree ├── sliced@1.0.1
46 silly currentTree ├─┬ snapdragon-node@2.1.1
46 silly currentTree │ ├── define-property@1.0.0
46 silly currentTree │ ├── is-accessor-descriptor@1.0.0
46 silly currentTree │ ├── is-data-descriptor@1.0.0
46 silly currentTree │ ├── is-descriptor@1.0.2
46 silly currentTree │ ├── isobject@3.0.1
46 silly currentTree │ └── kind-of@6.0.2
46 silly currentTree ├── snapdragon-util@3.0.1
46 silly currentTree ├─┬ snapdragon@0.8.2
46 silly currentTree │ ├── define-property@0.2.5
46 silly currentTree │ └── extend-shallow@2.0.1
46 silly currentTree ├── source-map-resolve@0.5.2
46 silly currentTree ├── source-map-support@0.4.18
46 silly currentTree ├── source-map-url@0.4.0
46 silly currentTree ├── source-map@0.5.7
46 silly currentTree ├── sparse-bitfield@3.0.3
46 silly currentTree ├── split-string@3.1.0
46 silly currentTree ├── split@1.0.1
46 silly currentTree ├── sshpk@1.14.2
46 silly currentTree ├── statehood@5.0.3
46 silly currentTree ├─┬ static-extend@0.1.2
46 silly currentTree │ └── define-property@0.2.5
46 silly currentTree ├── stream-combiner@0.2.2
46 silly currentTree ├── string_decoder@1.1.1
46 silly currentTree ├── string-width@1.0.2
46 silly currentTree ├── strip-ansi@3.0.1
46 silly currentTree ├── strip-eof@1.0.0
46 silly currentTree ├── strip-json-comments@2.0.1
46 silly currentTree ├── subtext@5.0.0
46 silly currentTree ├── supports-color@2.0.0
46 silly currentTree ├── tar-pack@3.4.1
46 silly currentTree ├── tar@2.2.1
46 silly currentTree ├── term-size@1.2.0
46 silly currentTree ├── through@2.3.8
46 silly currentTree ├── timed-out@4.0.1
46 silly currentTree ├── to-fast-properties@1.0.3
46 silly currentTree ├── to-object-path@0.3.0
46 silly currentTree ├─┬ to-regex-range@2.1.1
46 silly currentTree │ └── is-number@3.0.0
46 silly currentTree ├── to-regex@3.0.2
46 silly currentTree ├── topo@2.0.2
46 silly currentTree ├─┬ touch@3.1.0
46 silly currentTree │ └── nopt@1.0.10
46 silly currentTree ├── tough-cookie@2.4.3
46 silly currentTree ├── trim-right@1.0.1
46 silly currentTree ├── tunnel-agent@0.6.0
46 silly currentTree ├── tweetnacl@0.14.5
46 silly currentTree ├── uid-number@0.0.6
46 silly currentTree ├── undefsafe@2.0.2
46 silly currentTree ├─┬ union-value@1.0.0
46 silly currentTree │ ├── extend-shallow@2.0.1
46 silly currentTree │ └── set-value@0.4.3
46 silly currentTree ├── unique-string@1.0.0
46 silly currentTree ├─┬ unset-value@1.0.0
46 silly currentTree │ ├─┬ has-value@0.3.1
46 silly currentTree │ │ └── isobject@2.1.0
46 silly currentTree │ ├── has-values@0.1.4
46 silly currentTree │ └── isobject@3.0.1
46 silly currentTree ├── unzip-response@2.0.1
46 silly currentTree ├── upath@1.1.0
46 silly currentTree ├─┬ update-notifier@2.5.0
46 silly currentTree │ ├── ansi-styles@3.2.1
46 silly currentTree │ ├── chalk@2.4.1
46 silly currentTree │ └── supports-color@5.5.0
46 silly currentTree ├── urix@0.1.0
46 silly currentTree ├── url-parse-lax@1.0.0
46 silly currentTree ├── use@3.1.1
46 silly currentTree ├── user-home@1.1.1
46 silly currentTree ├── util-deprecate@1.0.2
46 silly currentTree ├── uuid@3.3.2
46 silly currentTree ├── v8flags@2.1.1
46 silly currentTree ├── verror@1.10.0
46 silly currentTree ├── vise@2.0.2
46 silly currentTree ├── which@1.3.1
46 silly currentTree ├── wide-align@1.1.3
46 silly currentTree ├─┬ widest-line@2.0.0
46 silly currentTree │ ├── ansi-regex@3.0.0
46 silly currentTree │ ├── is-fullwidth-code-point@2.0.0
46 silly currentTree │ ├── string-width@2.1.1
46 silly currentTree │ └── strip-ansi@4.0.0
46 silly currentTree ├── wrappy@1.0.2
46 silly currentTree ├── wreck@12.5.1
46 silly currentTree ├── write-file-atomic@2.3.0
46 silly currentTree ├── xdg-basedir@3.0.0
46 silly currentTree ├── xtend@4.0.1
46 silly currentTree └── yallist@2.1.2
47 silly idealTree kanopole-rest-api@1.0.0
47 silly idealTree ├── abbrev@1.1.1
47 silly idealTree ├── accept@2.1.4
47 silly idealTree ├── ajv@5.5.2
47 silly idealTree ├── ammo@2.0.4
47 silly idealTree ├─┬ ansi-align@2.0.0
47 silly idealTree │ ├── ansi-regex@3.0.0
47 silly idealTree │ ├── is-fullwidth-code-point@2.0.0
47 silly idealTree │ ├── string-width@2.1.1
47 silly idealTree │ └── strip-ansi@4.0.0
47 silly idealTree ├── ansi-regex@2.1.1
47 silly idealTree ├── ansi-styles@2.2.1
47 silly idealTree ├── anymatch@1.3.2
47 silly idealTree ├── aproba@1.2.0
47 silly idealTree ├── are-we-there-yet@1.1.5
47 silly idealTree ├── arr-diff@2.0.0
47 silly idealTree ├── arr-flatten@1.1.0
47 silly idealTree ├── arr-union@3.1.0
47 silly idealTree ├── array-unique@0.2.1
47 silly idealTree ├── asn1@0.2.4
47 silly idealTree ├── assert-plus@1.0.0
47 silly idealTree ├── assign-symbols@1.0.0
47 silly idealTree ├── async-each@1.0.1
47 silly idealTree ├── async@2.6.1
47 silly idealTree ├── asynckit@0.4.0
47 silly idealTree ├── atob@2.1.2
47 silly idealTree ├── aws-sign2@0.7.0
47 silly idealTree ├── aws4@1.8.0
47 silly idealTree ├── b64@3.0.3
47 silly idealTree ├── babel-cli@6.26.0
47 silly idealTree ├── babel-code-frame@6.26.0
47 silly idealTree ├── babel-core@6.26.3
47 silly idealTree ├── babel-generator@6.26.1
47 silly idealTree ├── babel-helper-bindify-decorators@6.24.1
47 silly idealTree ├── babel-helper-builder-binary-assignment-operator-visitor@6.24.1
47 silly idealTree ├── babel-helper-call-delegate@6.24.1
47 silly idealTree ├── babel-helper-define-map@6.26.0
47 silly idealTree ├── babel-helper-explode-assignable-expression@6.24.1
47 silly idealTree ├── babel-helper-explode-class@6.24.1
47 silly idealTree ├── babel-helper-function-name@6.24.1
47 silly idealTree ├── babel-helper-get-function-arity@6.24.1
47 silly idealTree ├── babel-helper-hoist-variables@6.24.1
47 silly idealTree ├── babel-helper-optimise-call-expression@6.24.1
47 silly idealTree ├── babel-helper-regex@6.26.0
47 silly idealTree ├── babel-helper-remap-async-to-generator@6.24.1
47 silly idealTree ├── babel-helper-replace-supers@6.24.1
47 silly idealTree ├── babel-helpers@6.24.1
47 silly idealTree ├── babel-messages@6.23.0
47 silly idealTree ├── babel-plugin-check-es2015-constants@6.22.0
47 silly idealTree ├── babel-plugin-syntax-async-functions@6.13.0
47 silly idealTree ├── babel-plugin-syntax-async-generators@6.13.0
47 silly idealTree ├── babel-plugin-syntax-class-properties@6.13.0
47 silly idealTree ├── babel-plugin-syntax-decorators@6.13.0
47 silly idealTree ├── babel-plugin-syntax-dynamic-import@6.18.0
47 silly idealTree ├── babel-plugin-syntax-exponentiation-operator@6.13.0
47 silly idealTree ├── babel-plugin-syntax-object-rest-spread@6.13.0
47 silly idealTree ├── babel-plugin-syntax-trailing-function-commas@6.22.0
47 silly idealTree ├── babel-plugin-transform-async-generator-functions@6.24.1
47 silly idealTree ├── babel-plugin-transform-async-to-generator@6.24.1
47 silly idealTree ├── babel-plugin-transform-class-properties@6.24.1
47 silly idealTree ├── babel-plugin-transform-decorators@6.24.1
47 silly idealTree ├── babel-plugin-transform-es2015-arrow-functions@6.22.0
47 silly idealTree ├── babel-plugin-transform-es2015-block-scoped-functions@6.22.0
47 silly idealTree ├── babel-plugin-transform-es2015-block-scoping@6.26.0
47 silly idealTree ├── babel-plugin-transform-es2015-classes@6.24.1
47 silly idealTree ├── babel-plugin-transform-es2015-computed-properties@6.24.1
47 silly idealTree ├── babel-plugin-transform-es2015-destructuring@6.23.0
47 silly idealTree ├── babel-plugin-transform-es2015-duplicate-keys@6.24.1
47 silly idealTree ├── babel-plugin-transform-es2015-for-of@6.23.0
47 silly idealTree ├── babel-plugin-transform-es2015-function-name@6.24.1
47 silly idealTree ├── babel-plugin-transform-es2015-literals@6.22.0
47 silly idealTree ├── babel-plugin-transform-es2015-modules-amd@6.24.1
47 silly idealTree ├── babel-plugin-transform-es2015-modules-commonjs@6.26.2
47 silly idealTree ├── babel-plugin-transform-es2015-modules-systemjs@6.24.1
47 silly idealTree ├── babel-plugin-transform-es2015-modules-umd@6.24.1
47 silly idealTree ├── babel-plugin-transform-es2015-object-super@6.24.1
47 silly idealTree ├── babel-plugin-transform-es2015-parameters@6.24.1
47 silly idealTree ├── babel-plugin-transform-es2015-shorthand-properties@6.24.1
47 silly idealTree ├── babel-plugin-transform-es2015-spread@6.22.0
47 silly idealTree ├── babel-plugin-transform-es2015-sticky-regex@6.24.1
47 silly idealTree ├── babel-plugin-transform-es2015-template-literals@6.22.0
47 silly idealTree ├── babel-plugin-transform-es2015-typeof-symbol@6.23.0
47 silly idealTree ├── babel-plugin-transform-es2015-unicode-regex@6.24.1
47 silly idealTree ├── babel-plugin-transform-exponentiation-operator@6.24.1
47 silly idealTree ├── babel-plugin-transform-object-rest-spread@6.26.0
47 silly idealTree ├── babel-plugin-transform-regenerator@6.26.0
47 silly idealTree ├── babel-plugin-transform-strict-mode@6.24.1
47 silly idealTree ├─┬ babel-polyfill@6.26.0
47 silly idealTree │ └── regenerator-runtime@0.10.5
47 silly idealTree ├── babel-preset-es2015@6.24.1
47 silly idealTree ├── babel-preset-stage-2@6.24.1
47 silly idealTree ├── babel-preset-stage-3@6.24.1
47 silly idealTree ├── babel-register@6.26.0
47 silly idealTree ├── babel-runtime@6.26.0
47 silly idealTree ├── babel-template@6.26.0
47 silly idealTree ├── babel-traverse@6.26.0
47 silly idealTree ├── babel-types@6.26.0
47 silly idealTree ├── babylon@6.18.0
47 silly idealTree ├── balanced-match@1.0.0
47 silly idealTree ├─┬ base@0.11.2
47 silly idealTree │ ├── define-property@1.0.0
47 silly idealTree │ ├── is-accessor-descriptor@1.0.0
47 silly idealTree │ ├── is-data-descriptor@1.0.0
47 silly idealTree │ ├── is-descriptor@1.0.2
47 silly idealTree │ ├── isobject@3.0.1
47 silly idealTree │ └── kind-of@6.0.2
47 silly idealTree ├── bcrypt-pbkdf@1.0.2
47 silly idealTree ├─┬ bcrypt@1.0.3
47 silly idealTree │ └── nan@2.6.2
47 silly idealTree ├── binary-extensions@1.12.0
47 silly idealTree ├── block-stream@0.0.9
47 silly idealTree ├── boom@5.2.0
47 silly idealTree ├─┬ boxen@1.3.0
47 silly idealTree │ ├── ansi-regex@3.0.0
47 silly idealTree │ ├── ansi-styles@3.2.1
47 silly idealTree │ ├── chalk@2.4.1
47 silly idealTree │ ├── is-fullwidth-code-point@2.0.0
47 silly idealTree │ ├── string-width@2.1.1
47 silly idealTree │ ├── strip-ansi@4.0.0
47 silly idealTree │ └── supports-color@5.5.0
47 silly idealTree ├── brace-expansion@1.1.11
47 silly idealTree ├── braces@1.8.5
47 silly idealTree ├── bson@1.0.9
47 silly idealTree ├── buffer-equal-constant-time@1.0.1
47 silly idealTree ├─┬ cache-base@1.0.1
47 silly idealTree │ └── isobject@3.0.1
47 silly idealTree ├── call@4.0.2
47 silly idealTree ├── camelcase@4.1.0
47 silly idealTree ├── capture-stack-trace@1.0.1
47 silly idealTree ├── caseless@0.12.0
47 silly idealTree ├── catbox-memory@2.0.4
47 silly idealTree ├── catbox@7.1.5
47 silly idealTree ├── chalk@1.1.3
47 silly idealTree ├── chokidar@1.7.0
47 silly idealTree ├── ci-info@1.6.0
47 silly idealTree ├─┬ class-utils@0.3.6
47 silly idealTree │ ├── define-property@0.2.5
47 silly idealTree │ └── isobject@3.0.1
47 silly idealTree ├── cli-boxes@1.0.0
47 silly idealTree ├── co@4.6.0
47 silly idealTree ├── code-point-at@1.1.0
47 silly idealTree ├── collection-visit@1.0.0
47 silly idealTree ├── color-convert@1.9.3
47 silly idealTree ├── color-name@1.1.3
47 silly idealTree ├── combined-stream@1.0.7
47 silly idealTree ├── commander@2.18.0
47 silly idealTree ├── component-emitter@1.2.1
47 silly idealTree ├── concat-map@0.0.1
47 silly idealTree ├── configstore@3.1.2
47 silly idealTree ├── console-control-strings@1.1.0
47 silly idealTree ├── content@3.0.7
47 silly idealTree ├── convert-source-map@1.6.0
47 silly idealTree ├── copy-descriptor@0.1.1
47 silly idealTree ├── core-js@2.5.7
47 silly idealTree ├── core-util-is@1.0.2
47 silly idealTree ├── create-error-class@3.0.2
47 silly idealTree ├── cross-spawn@5.1.0
47 silly idealTree ├── cryptiles@3.1.2
47 silly idealTree ├── crypto-random-string@1.0.0
47 silly idealTree ├── dashdash@1.14.1
47 silly idealTree ├── date-and-time@0.5.0
47 silly idealTree ├── debug@2.6.9
47 silly idealTree ├── decode-uri-component@0.2.0
47 silly idealTree ├── deep-extend@0.6.0
47 silly idealTree ├─┬ define-property@2.0.2
47 silly idealTree │ ├── is-accessor-descriptor@1.0.0
47 silly idealTree │ ├── is-data-descriptor@1.0.0
47 silly idealTree │ ├── is-descriptor@1.0.2
47 silly idealTree │ ├── isobject@3.0.1
47 silly idealTree │ └── kind-of@6.0.2
47 silly idealTree ├── delayed-stream@1.0.0
47 silly idealTree ├── delegates@1.0.0
47 silly idealTree ├── detect-indent@4.0.0
47 silly idealTree ├── dot-prop@4.2.0
47 silly idealTree ├── duplexer@0.1.1
47 silly idealTree ├── duplexer3@0.1.4
47 silly idealTree ├── ecc-jsbn@0.1.2
47 silly idealTree ├── ecdsa-sig-formatter@1.0.10
47 silly idealTree ├── escape-string-regexp@1.0.5
47 silly idealTree ├── esutils@2.0.2
47 silly idealTree ├── event-stream@3.3.6
47 silly idealTree ├── execa@0.7.0
47 silly idealTree ├── expand-brackets@0.1.5
47 silly idealTree ├── expand-range@1.8.2
47 silly idealTree ├─┬ extend-shallow@3.0.2
47 silly idealTree │ └── is-extendable@1.0.1
47 silly idealTree ├── extend@3.0.2
47 silly idealTree ├── extglob@0.3.2
47 silly idealTree ├── extsprintf@1.3.0
47 silly idealTree ├── fast-deep-equal@1.1.0
47 silly idealTree ├── fast-json-stable-stringify@2.0.0
47 silly idealTree ├── filename-regex@2.0.1
47 silly idealTree ├── fill-range@2.2.4
47 silly idealTree ├── flatmap-stream@0.1.1
47 silly idealTree ├── for-in@1.0.2
47 silly idealTree ├── for-own@0.1.5
47 silly idealTree ├── forever-agent@0.6.1
47 silly idealTree ├─┬ form-data@2.3.2
47 silly idealTree │ └── combined-stream@1.0.6
47 silly idealTree ├── formidable@1.2.1
47 silly idealTree ├── fragment-cache@0.2.1
47 silly idealTree ├── from@0.1.7
47 silly idealTree ├── fs-readdir-recursive@1.1.0
47 silly idealTree ├── fs.realpath@1.0.0
47 silly idealTree ├── fs@0.0.1-security
47 silly idealTree ├── fstream-ignore@1.0.5
47 silly idealTree ├── fstream@1.0.11
47 silly idealTree ├── gauge@2.7.4
47 silly idealTree ├── get-stream@3.0.0
47 silly idealTree ├── get-value@2.0.6
47 silly idealTree ├── getpass@0.1.7
47 silly idealTree ├── glob-base@0.3.0
47 silly idealTree ├── glob-parent@2.0.0
47 silly idealTree ├── glob@7.1.3
47 silly idealTree ├── global-dirs@0.1.1
47 silly idealTree ├── globals@9.18.0
47 silly idealTree ├── got@6.7.1
47 silly idealTree ├── graceful-fs@4.1.11
47 silly idealTree ├─┬ hapi-auth-jwt@4.0.0
47 silly idealTree │ ├─┬ boom@3.2.2
47 silly idealTree │ │ └── hoek@4.2.1
47 silly idealTree │ ├── hoek@3.0.4
47 silly idealTree │ ├── jsonwebtoken@5.7.0
47 silly idealTree │ └── ms@0.7.3
47 silly idealTree ├─┬ hapi@16.6.3
47 silly idealTree │ ├── isemail@3.1.3
47 silly idealTree │ ├── joi@11.4.0
47 silly idealTree │ └── punycode@2.1.1
47 silly idealTree ├── har-schema@2.0.0
47 silly idealTree ├── har-validator@5.1.0
47 silly idealTree ├── has-ansi@2.0.0
47 silly idealTree ├── has-flag@3.0.0
47 silly idealTree ├── has-unicode@2.0.1
47 silly idealTree ├─┬ has-value@1.0.0
47 silly idealTree │ └── isobject@3.0.1
47 silly idealTree ├─┬ has-values@1.0.0
47 silly idealTree │ ├─┬ is-number@3.0.0
47 silly idealTree │ │ └── kind-of@3.2.2
47 silly idealTree │ └── kind-of@4.0.0
47 silly idealTree ├── heavy@4.0.4
47 silly idealTree ├── hoek@4.2.1
47 silly idealTree ├── home-or-tmp@2.0.0
47 silly idealTree ├── http-signature@1.2.0
47 silly idealTree ├── ignore-by-default@1.0.1
47 silly idealTree ├── import-lazy@2.1.0
47 silly idealTree ├── imurmurhash@0.1.4
47 silly idealTree ├── inflight@1.0.6
47 silly idealTree ├── inherits@2.0.3
47 silly idealTree ├── ini@1.3.5
47 silly idealTree ├── invariant@2.2.4
47 silly idealTree ├── iron@4.0.5
47 silly idealTree ├── is-accessor-descriptor@0.1.6
47 silly idealTree ├── is-binary-path@1.0.1
47 silly idealTree ├── is-buffer@1.1.6
47 silly idealTree ├── is-ci@1.2.1
47 silly idealTree ├── is-data-descriptor@0.1.4
47 silly idealTree ├─┬ is-descriptor@0.1.6
47 silly idealTree │ └── kind-of@5.1.0
47 silly idealTree ├── is-dotfile@1.0.3
47 silly idealTree ├── is-equal-shallow@0.1.3
47 silly idealTree ├── is-extendable@0.1.1
47 silly idealTree ├── is-extglob@1.0.0
47 silly idealTree ├── is-finite@1.0.2
47 silly idealTree ├── is-fullwidth-code-point@1.0.0
47 silly idealTree ├── is-glob@2.0.1
47 silly idealTree ├── is-installed-globally@0.1.0
47 silly idealTree ├── is-npm@1.0.0
47 silly idealTree ├── is-number@2.1.0
47 silly idealTree ├── is-obj@1.0.1
47 silly idealTree ├── is-path-inside@1.0.1
47 silly idealTree ├─┬ is-plain-object@2.0.4
47 silly idealTree │ └── isobject@3.0.1
47 silly idealTree ├── is-posix-bracket@0.1.1
47 silly idealTree ├── is-primitive@2.0.0
47 silly idealTree ├── is-redirect@1.0.0
47 silly idealTree ├── is-retry-allowed@1.1.0
47 silly idealTree ├── is-stream@1.1.0
47 silly idealTree ├── is-typedarray@1.0.0
47 silly idealTree ├── is-windows@1.0.2
47 silly idealTree ├── isarray@1.0.0
47 silly idealTree ├── isemail@2.2.1
47 silly idealTree ├── isexe@2.0.0
47 silly idealTree ├── isobject@2.1.0
47 silly idealTree ├── isstream@0.1.2
47 silly idealTree ├── items@2.1.1
47 silly idealTree ├── joi@10.6.0
47 silly idealTree ├── js-tokens@3.0.2
47 silly idealTree ├── jsbn@0.1.1
47 silly idealTree ├── jsesc@1.3.0
47 silly idealTree ├── json-schema-traverse@0.3.1
47 silly idealTree ├── json-schema@0.2.3
47 silly idealTree ├── json-stringify-safe@5.0.1
47 silly idealTree ├── json5@0.5.1
47 silly idealTree ├─┬ jsonwebtoken@7.4.3
47 silly idealTree │ ├── hoek@2.16.3
47 silly idealTree │ ├── isemail@1.2.0
47 silly idealTree │ ├── joi@6.10.1
47 silly idealTree │ └── topo@1.1.0
47 silly idealTree ├── jsprim@1.4.1
47 silly idealTree ├── jwa@1.1.6
47 silly idealTree ├── jws@3.1.5
47 silly idealTree ├── kareem@2.3.0
47 silly idealTree ├── kind-of@3.2.2
47 silly idealTree ├── latest-version@3.1.0
47 silly idealTree ├── lodash.debounce@4.0.8
47 silly idealTree ├── lodash.get@4.4.2
47 silly idealTree ├── lodash.once@4.1.1
47 silly idealTree ├── lodash@4.17.11
47 silly idealTree ├── loose-envify@1.4.0
47 silly idealTree ├── lowercase-keys@1.0.1
47 silly idealTree ├── lru-cache@4.1.3
47 silly idealTree ├── make-dir@1.3.0
47 silly idealTree ├── map-cache@0.2.2
47 silly idealTree ├── map-stream@0.0.7
47 silly idealTree ├── map-visit@1.0.0
47 silly idealTree ├── math-random@1.0.1
47 silly idealTree ├── memory-pager@1.1.0
47 silly idealTree ├── micromatch@2.3.11
47 silly idealTree ├── mime-db@1.36.0
47 silly idealTree ├── mime-types@2.1.20
47 silly idealTree ├── mimos@3.0.3
47 silly idealTree ├── minimatch@3.0.4
47 silly idealTree ├── minimist@0.0.8
47 silly idealTree ├─┬ mixin-deep@1.3.1
47 silly idealTree │ └── is-extendable@1.0.1
47 silly idealTree ├── mkdirp@0.5.1
47 silly idealTree ├── moment@2.22.2
47 silly idealTree ├─┬ mongodb-core@3.1.5
47 silly idealTree │ └── bson@1.1.0
47 silly idealTree ├── mongodb@3.1.6
47 silly idealTree ├── mongoose-legacy-pluralize@1.0.2
47 silly idealTree ├── mongoose@5.3.1
47 silly idealTree ├── mpath@0.5.1
47 silly idealTree ├─┬ mquery@3.2.0
47 silly idealTree │ ├── bluebird@3.5.1
47 silly idealTree │ └── debug@3.1.0
47 silly idealTree ├── ms@2.0.0
47 silly idealTree ├─┬ nanomatch@1.2.13
47 silly idealTree │ ├── arr-diff@4.0.0
47 silly idealTree │ ├── array-unique@0.3.2
47 silly idealTree │ └── kind-of@6.0.2
47 silly idealTree ├── nigel@2.0.2
47 silly idealTree ├── node-pre-gyp@0.6.36
47 silly idealTree ├─┬ nodemon@1.18.4
47 silly idealTree │ ├── anymatch@2.0.0
47 silly idealTree │ ├── arr-diff@4.0.0
47 silly idealTree │ ├── array-unique@0.3.2
47 silly idealTree │ ├─┬ braces@2.3.2
47 silly idealTree │ │ └── extend-shallow@2.0.1
47 silly idealTree │ ├── chokidar@2.0.4
47 silly idealTree │ ├─┬ debug@3.2.5
47 silly idealTree │ │ └── ms@2.1.1
47 silly idealTree │ ├─┬ expand-brackets@2.1.4
47 silly idealTree │ │ ├── debug@2.6.9
47 silly idealTree │ │ ├── define-property@0.2.5
47 silly idealTree │ │ ├── extend-shallow@2.0.1
47 silly idealTree │ │ ├─┬ is-accessor-descriptor@0.1.6
47 silly idealTree │ │ │ └── kind-of@3.2.2
47 silly idealTree │ │ ├─┬ is-data-descriptor@0.1.4
47 silly idealTree │ │ │ └── kind-of@3.2.2
47 silly idealTree │ │ ├── is-descriptor@0.1.6
47 silly idealTree │ │ └── kind-of@5.1.0
47 silly idealTree │ ├─┬ extglob@2.0.4
47 silly idealTree │ │ ├── define-property@1.0.0
47 silly idealTree │ │ └── extend-shallow@2.0.1
47 silly idealTree │ ├─┬ fill-range@4.0.0
47 silly idealTree │ │ └── extend-shallow@2.0.1
47 silly idealTree │ ├─┬ glob-parent@3.1.0
47 silly idealTree │ │ └── is-glob@3.1.0
47 silly idealTree │ ├── is-accessor-descriptor@1.0.0
47 silly idealTree │ ├── is-data-descriptor@1.0.0
47 silly idealTree │ ├── is-descriptor@1.0.2
47 silly idealTree │ ├── is-extglob@2.1.1
47 silly idealTree │ ├── is-glob@4.0.0
47 silly idealTree │ ├─┬ is-number@3.0.0
47 silly idealTree │ │ └── kind-of@3.2.2
47 silly idealTree │ ├── isobject@3.0.1
47 silly idealTree │ ├── kind-of@6.0.2
47 silly idealTree │ ├── micromatch@3.1.10
47 silly idealTree │ └── supports-color@5.5.0
47 silly idealTree ├── nopt@4.0.1
47 silly idealTree ├── normalize-path@2.1.1
47 silly idealTree ├── npm-run-path@2.0.2
47 silly idealTree ├── npmlog@4.1.2
47 silly idealTree ├── number-is-nan@1.0.1
47 silly idealTree ├── oauth-sign@0.9.0
47 silly idealTree ├── object-assign@4.1.1
47 silly idealTree ├─┬ object-copy@0.1.0
47 silly idealTree │ └── define-property@0.2.5
47 silly idealTree ├─┬ object-visit@1.0.1
47 silly idealTree │ └── isobject@3.0.1
47 silly idealTree ├── object.omit@2.0.1
47 silly idealTree ├─┬ object.pick@1.3.0
47 silly idealTree │ └── isobject@3.0.1
47 silly idealTree ├── once@1.4.0
47 silly idealTree ├── os-homedir@1.0.2
47 silly idealTree ├── os-tmpdir@1.0.2
47 silly idealTree ├── osenv@0.1.5
47 silly idealTree ├── output-file-sync@1.1.2
47 silly idealTree ├── p-finally@1.0.0
47 silly idealTree ├── package-json@4.0.1
47 silly idealTree ├── parse-glob@3.0.4
47 silly idealTree ├── pascalcase@0.1.1
47 silly idealTree ├── path-dirname@1.0.2
47 silly idealTree ├── path-is-absolute@1.0.1
47 silly idealTree ├── path-is-inside@1.0.2
47 silly idealTree ├── path-key@2.0.1
47 silly idealTree ├── pause-stream@0.0.11
47 silly idealTree ├── performance-now@2.1.0
47 silly idealTree ├── pez@2.1.5
47 silly idealTree ├── pify@3.0.0
47 silly idealTree ├── podium@1.3.0
47 silly idealTree ├── posix-character-classes@0.1.1
47 silly idealTree ├── prepend-http@1.0.4
47 silly idealTree ├── preserve@0.2.0
47 silly idealTree ├── private@0.1.8
47 silly idealTree ├── process-nextick-args@2.0.0
47 silly idealTree ├── ps-tree@1.1.0
47 silly idealTree ├── pseudomap@1.0.2
47 silly idealTree ├── psl@1.1.29
47 silly idealTree ├── pstree.remy@1.1.0
47 silly idealTree ├── punycode@1.4.1
47 silly idealTree ├── qs@6.5.2
47 silly idealTree ├─┬ randomatic@3.1.0
47 silly idealTree │ ├── is-number@4.0.0
47 silly idealTree │ └── kind-of@6.0.2
47 silly idealTree ├─┬ rc@1.2.8
47 silly idealTree │ └── minimist@1.2.0
47 silly idealTree ├── readable-stream@2.3.6
47 silly idealTree ├─┬ readdirp@2.2.1
47 silly idealTree │ ├── arr-diff@4.0.0
47 silly idealTree │ ├── array-unique@0.3.2
47 silly idealTree │ ├─┬ braces@2.3.2
47 silly idealTree │ │ └── extend-shallow@2.0.1
47 silly idealTree │ ├─┬ expand-brackets@2.1.4
47 silly idealTree │ │ ├── define-property@0.2.5
47 silly idealTree │ │ ├── extend-shallow@2.0.1
47 silly idealTree │ │ ├─┬ is-accessor-descriptor@0.1.6
47 silly idealTree │ │ │ └── kind-of@3.2.2
47 silly idealTree │ │ ├─┬ is-data-descriptor@0.1.4
47 silly idealTree │ │ │ └── kind-of@3.2.2
47 silly idealTree │ │ ├── is-descriptor@0.1.6
47 silly idealTree │ │ └── kind-of@5.1.0
47 silly idealTree │ ├─┬ extglob@2.0.4
47 silly idealTree │ │ ├── define-property@1.0.0
47 silly idealTree │ │ └── extend-shallow@2.0.1
47 silly idealTree │ ├─┬ fill-range@4.0.0
47 silly idealTree │ │ └── extend-shallow@2.0.1
47 silly idealTree │ ├── is-accessor-descriptor@1.0.0
47 silly idealTree │ ├── is-data-descriptor@1.0.0
47 silly idealTree │ ├── is-descriptor@1.0.2
47 silly idealTree │ ├─┬ is-number@3.0.0
47 silly idealTree │ │ └── kind-of@3.2.2
47 silly idealTree │ ├── isobject@3.0.1
47 silly idealTree │ ├── kind-of@6.0.2
47 silly idealTree │ └── micromatch@3.1.10
47 silly idealTree ├── regenerate@1.4.0
47 silly idealTree ├── regenerator-runtime@0.11.1
47 silly idealTree ├── regenerator-transform@0.10.1
47 silly idealTree ├── regex-cache@0.4.4
47 silly idealTree ├── regex-not@1.0.2
47 silly idealTree ├── regexp-clone@0.0.1
47 silly idealTree ├── regexpu-core@2.0.0
47 silly idealTree ├── registry-auth-token@3.3.2
47 silly idealTree ├── registry-url@3.1.0
47 silly idealTree ├── regjsgen@0.2.0
47 silly idealTree ├─┬ regjsparser@0.1.5
47 silly idealTree │ └── jsesc@0.5.0
47 silly idealTree ├── remove-trailing-separator@1.1.0
47 silly idealTree ├── repeat-element@1.1.3
47 silly idealTree ├── repeat-string@1.6.1
47 silly idealTree ├── repeating@2.0.1
47 silly idealTree ├── request@2.88.0
47 silly idealTree ├── require_optional@1.0.1
47 silly idealTree ├── resolve-from@2.0.0
47 silly idealTree ├── resolve-url@0.2.1
47 silly idealTree ├── ret@0.1.15
47 silly idealTree ├── rimraf@2.6.2
47 silly idealTree ├── safe-buffer@5.1.2
47 silly idealTree ├── safe-regex@1.1.0
47 silly idealTree ├── safer-buffer@2.1.2
47 silly idealTree ├── saslprep@1.0.2
47 silly idealTree ├── semver-diff@2.1.0
47 silly idealTree ├── semver@5.5.1
47 silly idealTree ├── set-blocking@2.0.0
47 silly idealTree ├─┬ set-value@2.0.0
47 silly idealTree │ └── extend-shallow@2.0.1
47 silly idealTree ├── shebang-command@1.2.0
47 silly idealTree ├── shebang-regex@1.0.0
47 silly idealTree ├── shot@3.4.2
47 silly idealTree ├── signal-exit@3.0.2
47 silly idealTree ├── slash@1.0.0
47 silly idealTree ├── sliced@1.0.1
47 silly idealTree ├─┬ snapdragon-node@2.1.1
47 silly idealTree │ ├── define-property@1.0.0
47 silly idealTree │ ├── is-accessor-descriptor@1.0.0
47 silly idealTree │ ├── is-data-descriptor@1.0.0
47 silly idealTree │ ├── is-descriptor@1.0.2
47 silly idealTree │ ├── isobject@3.0.1
47 silly idealTree │ └── kind-of@6.0.2
47 silly idealTree ├── snapdragon-util@3.0.1
47 silly idealTree ├─┬ snapdragon@0.8.2
47 silly idealTree │ ├── define-property@0.2.5
47 silly idealTree │ └── extend-shallow@2.0.1
47 silly idealTree ├── source-map-resolve@0.5.2
47 silly idealTree ├── source-map-support@0.4.18
47 silly idealTree ├── source-map-url@0.4.0
47 silly idealTree ├── source-map@0.5.7
47 silly idealTree ├── sparse-bitfield@3.0.3
47 silly idealTree ├── split-string@3.1.0
47 silly idealTree ├── split@1.0.1
47 silly idealTree ├── sshpk@1.14.2
47 silly idealTree ├── statehood@5.0.3
47 silly idealTree ├─┬ static-extend@0.1.2
47 silly idealTree │ └── define-property@0.2.5
47 silly idealTree ├── stream-combiner@0.2.2
47 silly idealTree ├── string_decoder@1.1.1
47 silly idealTree ├── string-width@1.0.2
47 silly idealTree ├── strip-ansi@3.0.1
47 silly idealTree ├── strip-eof@1.0.0
47 silly idealTree ├── strip-json-comments@2.0.1
47 silly idealTree ├── subtext@5.0.0
47 silly idealTree ├── supports-color@2.0.0
47 silly idealTree ├── tar-pack@3.4.1
47 silly idealTree ├── tar@2.2.1
47 silly idealTree ├── term-size@1.2.0
47 silly idealTree ├── through@2.3.8
47 silly idealTree ├── timed-out@4.0.1
47 silly idealTree ├── to-fast-properties@1.0.3
47 silly idealTree ├── to-object-path@0.3.0
47 silly idealTree ├─┬ to-regex-range@2.1.1
47 silly idealTree │ └── is-number@3.0.0
47 silly idealTree ├── to-regex@3.0.2
47 silly idealTree ├── topo@2.0.2
47 silly idealTree ├─┬ touch@3.1.0
47 silly idealTree │ └── nopt@1.0.10
47 silly idealTree ├── tough-cookie@2.4.3
47 silly idealTree ├── trim-right@1.0.1
47 silly idealTree ├── tunnel-agent@0.6.0
47 silly idealTree ├── tweetnacl@0.14.5
47 silly idealTree ├── uid-number@0.0.6
47 silly idealTree ├── undefsafe@2.0.2
47 silly idealTree ├─┬ union-value@1.0.0
47 silly idealTree │ ├── extend-shallow@2.0.1
47 silly idealTree │ └── set-value@0.4.3
47 silly idealTree ├── unique-string@1.0.0
47 silly idealTree ├─┬ unset-value@1.0.0
47 silly idealTree │ ├─┬ has-value@0.3.1
47 silly idealTree │ │ └── isobject@2.1.0
47 silly idealTree │ ├── has-values@0.1.4
47 silly idealTree │ └── isobject@3.0.1
47 silly idealTree ├── unzip-response@2.0.1
47 silly idealTree ├── upath@1.1.0
47 silly idealTree ├─┬ update-notifier@2.5.0
47 silly idealTree │ ├── ansi-styles@3.2.1
47 silly idealTree │ ├── chalk@2.4.1
47 silly idealTree │ └── supports-color@5.5.0
47 silly idealTree ├── urix@0.1.0
47 silly idealTree ├── url-parse-lax@1.0.0
47 silly idealTree ├── use@3.1.1
47 silly idealTree ├── user-home@1.1.1
47 silly idealTree ├── util-deprecate@1.0.2
47 silly idealTree ├── uuid@3.3.2
47 silly idealTree ├── v8flags@2.1.1
47 silly idealTree ├── verror@1.10.0
47 silly idealTree ├── vise@2.0.2
47 silly idealTree ├── which@1.3.1
47 silly idealTree ├── wide-align@1.1.3
47 silly idealTree ├─┬ widest-line@2.0.0
47 silly idealTree │ ├── ansi-regex@3.0.0
47 silly idealTree │ ├── is-fullwidth-code-point@2.0.0
47 silly idealTree │ ├── string-width@2.1.1
47 silly idealTree │ └── strip-ansi@4.0.0
47 silly idealTree ├── wrappy@1.0.2
47 silly idealTree ├── wreck@12.5.1
47 silly idealTree ├── write-file-atomic@2.3.0
47 silly idealTree ├── xdg-basedir@3.0.0
47 silly idealTree ├── xtend@4.0.1
47 silly idealTree └── yallist@2.1.2
48 silly generateActionsToTake Starting
49 silly install generateActionsToTake
50 silly generateActionsToTake Finishing
51 silly diffTrees action count 0
52 silly decomposeActions action count 0
53 silly executeActions Starting
54 silly install executeActions
55 silly doSerial global-install 0
56 silly doParallel fetch 0
57 verbose lock using /home/zolano/.npm/_locks/staging-d30292eb1efd8861.lock for /home/zolano/Projects/kanopole-venom/kanopole-api/code/node_modules/.staging
58 verbose unlock done using /home/zolano/.npm/_locks/staging-d30292eb1efd8861.lock for /home/zolano/Projects/kanopole-venom/kanopole-api/code/node_modules/.staging
59 silly rollbackFailedOptional Starting
60 silly rollbackFailedOptional Finishing
61 silly runTopLevelLifecycles Starting
62 silly runTopLevelLifecycles Finishing
63 silly install printInstalled
64 warn optional Skipping failed optional dependency /chokidar/fsevents:
65 warn notsup Not compatible with your operating system or architecture: fsevents@1.2.9
66 warn optional Skipping failed optional dependency /nodemon/chokidar/fsevents:
67 warn notsup Not compatible with your operating system or architecture: fsevents@1.2.9
68 warn kanopole-rest-api@1.0.0 No repository field.
69 verbose stack Error: EACCES: permission denied, mkdir '/home/zolano/Projects/kanopole-venom/kanopole-api/code/node_modules/.staging'
70 verbose cwd /home/zolano/Projects/kanopole-venom/kanopole-api/code
71 error Linux 4.15.0-65-generic
72 error argv "/usr/bin/node" "/usr/bin/npm" "install"
73 error node v8.10.0
74 error npm  v3.5.2
75 error path /home/zolano/Projects/kanopole-venom/kanopole-api/code/node_modules/.staging
76 error code EACCES
77 error errno -13
78 error syscall mkdir
79 error Error: EACCES: permission denied, mkdir '/home/zolano/Projects/kanopole-venom/kanopole-api/code/node_modules/.staging'
79 error  { Error: EACCES: permission denied, mkdir '/home/zolano/Projects/kanopole-venom/kanopole-api/code/node_modules/.staging'
79 error   errno: -13,
79 error   code: 'EACCES',
79 error   syscall: 'mkdir',
79 error   path: '/home/zolano/Projects/kanopole-venom/kanopole-api/code/node_modules/.staging' }
80 error Please try running this command again as root/Administrator.
81 verbose exit [ -13, true ]
